[0.049s] Invoking command in '/home/lactosenjoyer/cam_cpp/build/examples_rclcpp_cbg_executor': CMAKE_PREFIX_PATH=/opt/ros/humble /usr/bin/cmake --build /home/lactosenjoyer/cam_cpp/build/examples_rclcpp_cbg_executor -- -j4 -l4
[0.300s] [ 40%] Built target ping_pong
[0.326s] [ 70%] Built target pong
[0.334s] [100%] Built target ping
[0.360s] Invoked command in '/home/lactosenjoyer/cam_cpp/build/examples_rclcpp_cbg_executor' returned '0': CMAKE_PREFIX_PATH=/opt/ros/humble /usr/bin/cmake --build /home/lactosenjoyer/cam_cpp/build/examples_rclcpp_cbg_executor -- -j4 -l4
[0.360s] Invoking command in '/home/lactosenjoyer/cam_cpp/build/examples_rclcpp_cbg_executor': CMAKE_PREFIX_PATH=/opt/ros/humble /usr/bin/cmake --install /home/lactosenjoyer/cam_cpp/build/examples_rclcpp_cbg_executor
[0.381s] -- Install configuration: ""
[0.382s] -- Execute custom install script
[0.384s] -- Up-to-date symlink: /home/lactosenjoyer/cam_cpp/install/examples_rclcpp_cbg_executor/lib/examples_rclcpp_cbg_executor/ping
[0.389s] -- Up-to-date symlink: /home/lactosenjoyer/cam_cpp/install/examples_rclcpp_cbg_executor/lib/examples_rclcpp_cbg_executor/pong
[0.391s] -- Up-to-date symlink: /home/lactosenjoyer/cam_cpp/install/examples_rclcpp_cbg_executor/lib/examples_rclcpp_cbg_executor/ping_pong
[0.395s] -- Up-to-date symlink: /home/lactosenjoyer/cam_cpp/install/examples_rclcpp_cbg_executor/include/examples_rclcpp_cbg_executor/ping_node.hpp
[0.395s] -- Up-to-date symlink: /home/lactosenjoyer/cam_cpp/install/examples_rclcpp_cbg_executor/include/examples_rclcpp_cbg_executor/pong_node.hpp
[0.395s] -- Up-to-date symlink: /home/lactosenjoyer/cam_cpp/install/examples_rclcpp_cbg_executor/share/ament_index/resource_index/package_run_dependencies/examples_rclcpp_cbg_executor
[0.396s] -- Up-to-date symlink: /home/lactosenjoyer/cam_cpp/install/examples_rclcpp_cbg_executor/share/ament_index/resource_index/parent_prefix_path/examples_rclcpp_cbg_executor
[0.396s] -- Up-to-date symlink: /home/lactosenjoyer/cam_cpp/install/examples_rclcpp_cbg_executor/share/examples_rclcpp_cbg_executor/environment/ament_prefix_path.sh
[0.397s] -- Up-to-date symlink: /home/lactosenjoyer/cam_cpp/install/examples_rclcpp_cbg_executor/share/examples_rclcpp_cbg_executor/environment/ament_prefix_path.dsv
[0.403s] -- Up-to-date symlink: /home/lactosenjoyer/cam_cpp/install/examples_rclcpp_cbg_executor/share/examples_rclcpp_cbg_executor/environment/path.sh
[0.405s] -- Up-to-date symlink: /home/lactosenjoyer/cam_cpp/install/examples_rclcpp_cbg_executor/share/examples_rclcpp_cbg_executor/environment/path.dsv
[0.409s] -- Up-to-date symlink: /home/lactosenjoyer/cam_cpp/install/examples_rclcpp_cbg_executor/share/examples_rclcpp_cbg_executor/local_setup.bash
[0.409s] -- Up-to-date symlink: /home/lactosenjoyer/cam_cpp/install/examples_rclcpp_cbg_executor/share/examples_rclcpp_cbg_executor/local_setup.sh
[0.410s] -- Up-to-date symlink: /home/lactosenjoyer/cam_cpp/install/examples_rclcpp_cbg_executor/share/examples_rclcpp_cbg_executor/local_setup.zsh
[0.410s] -- Up-to-date symlink: /home/lactosenjoyer/cam_cpp/install/examples_rclcpp_cbg_executor/share/examples_rclcpp_cbg_executor/local_setup.dsv
[0.410s] -- Symlinking: /home/lactosenjoyer/cam_cpp/install/examples_rclcpp_cbg_executor/share/examples_rclcpp_cbg_executor/package.dsv
[0.432s] -- Up-to-date symlink: /home/lactosenjoyer/cam_cpp/install/examples_rclcpp_cbg_executor/share/ament_index/resource_index/packages/examples_rclcpp_cbg_executor
[0.436s] -- Up-to-date symlink: /home/lactosenjoyer/cam_cpp/install/examples_rclcpp_cbg_executor/share/examples_rclcpp_cbg_executor/cmake/ament_cmake_export_dependencies-extras.cmake
[0.436s] -- Up-to-date symlink: /home/lactosenjoyer/cam_cpp/install/examples_rclcpp_cbg_executor/share/examples_rclcpp_cbg_executor/cmake/examples_rclcpp_cbg_executorConfig.cmake
[0.436s] -- Up-to-date symlink: /home/lactosenjoyer/cam_cpp/install/examples_rclcpp_cbg_executor/share/examples_rclcpp_cbg_executor/cmake/examples_rclcpp_cbg_executorConfig-version.cmake
[0.436s] -- Up-to-date symlink: /home/lactosenjoyer/cam_cpp/install/examples_rclcpp_cbg_executor/share/examples_rclcpp_cbg_executor/package.xml
[0.546s] Invoked command in '/home/lactosenjoyer/cam_cpp/build/examples_rclcpp_cbg_executor' returned '0': CMAKE_PREFIX_PATH=/opt/ros/humble /usr/bin/cmake --install /home/lactosenjoyer/cam_cpp/build/examples_rclcpp_cbg_executor
