-- Found ament_cmake: 1.3.13 (/opt/ros/humble/share/ament_cmake/cmake)
-- Override CMake install command with custom implementation using symlinks instead of copying resources
-- Found rclcpp: 16.0.18 (/opt/ros/humble/share/rclcpp/cmake)
-- Found rosidl_generator_c: 3.1.8 (/opt/ros/humble/share/rosidl_generator_c/cmake)
-- Found rosidl_adapter: 3.1.8 (/opt/ros/humble/share/rosidl_adapter/cmake)
-- Found rosidl_generator_cpp: 3.1.8 (/opt/ros/humble/share/rosidl_generator_cpp/cmake)
-- Using all available rosidl_typesupport_c: rosidl_typesupport_fastrtps_c;rosidl_typesupport_introspection_c
-- Using all available rosidl_typesupport_cpp: rosidl_typesupport_fastrtps_cpp;rosidl_typesupport_introspection_cpp
-- Found rmw_implementation_cmake: 6.1.2 (/opt/ros/humble/share/rmw_implementation_cmake/cmake)
-- Found rmw_fastrtps_cpp: 6.2.10 (/opt/ros/humble/share/rmw_fastrtps_cpp/cmake)
-- Using RMW implementation 'rmw_fastrtps_cpp' as default
-- Found rclcpp_components: 16.0.18 (/opt/ros/humble/share/rclcpp_components/cmake)
-- Found sensor_msgs: 4.9.1 (/opt/ros/humble/share/sensor_msgs/cmake)
-- Found cv_bridge: 3.2.1 (/opt/ros/humble/share/cv_bridge/cmake)
-- Configuring done
-- Generating done
-- Build files have been written to: /home/lactosenjoyer/cam_cpp/build/cam_cpp_components
[35m[1mConsolidate compiler generated dependencies of target multi_stage_components[0m
[35m[1mConsolidate compiler generated dependencies of target producer_node[0m
[35m[1mConsolidate compiler generated dependencies of target display_node[0m
[ 22%] Built target producer_node
[ 44%] Built target display_node
[ 77%] Built target multi_stage_components
[35m[1mConsolidate compiler generated dependencies of target cam_container[0m
[ 88%] [32m[1mLinking CXX executable cam_container[0m
/usr/bin/ld: CMakeFiles/cam_container.dir/src/cam_container.cpp.o: in function `void __gnu_cxx::new_allocator<multi_stage::Processor>::construct<multi_stage::Processor, rclcpp::NodeOptions&>(multi_stage::Processor*, rclcpp::NodeOptions&)':
cam_container.cpp:(.text._ZN9__gnu_cxx13new_allocatorIN11multi_stage9ProcessorEE9constructIS2_JRN6rclcpp11NodeOptionsEEEEvPT_DpOT0_[_ZN9__gnu_cxx13new_allocatorIN11multi_stage9ProcessorEE9constructIS2_JRN6rclcpp11NodeOptionsEEEEvPT_DpOT0_]+0x47): undefined reference to `multi_stage::Processor::Processor(rclcpp::NodeOptions const&)'
collect2: error: ld returned 1 exit status
gmake[2]: *** [CMakeFiles/cam_container.dir/build.make:242: cam_container] Error 1
gmake[1]: *** [CMakeFiles/Makefile2:221: CMakeFiles/cam_container.dir/all] Error 2
gmake: *** [Makefile:146: all] Error 2
