[0.030s] Invoking command in '/home/lactosenjoyer/cam_cpp/build/cam_cpp_components': CMAKE_PREFIX_PATH=/opt/ros/humble /usr/bin/cmake --build /home/lactosenjoyer/cam_cpp/build/cam_cpp_components -- -j4 -l4
[0.094s] -- Found ament_cmake: 1.3.13 (/opt/ros/humble/share/ament_cmake/cmake)
[0.440s] -- Override CMake install command with custom implementation using symlinks instead of copying resources
[0.453s] -- Found rclcpp: 16.0.18 (/opt/ros/humble/share/rclcpp/cmake)
[0.556s] -- Found rosidl_generator_c: 3.1.8 (/opt/ros/humble/share/rosidl_generator_c/cmake)
[0.567s] -- Found rosidl_adapter: 3.1.8 (/opt/ros/humble/share/rosidl_adapter/cmake)
[0.583s] -- Found rosidl_generator_cpp: 3.1.8 (/opt/ros/humble/share/rosidl_generator_cpp/cmake)
[0.654s] -- Using all available rosidl_typesupport_c: rosidl_typesupport_fastrtps_c;rosidl_typesupport_introspection_c
[0.696s] -- Using all available rosidl_typesupport_cpp: rosidl_typesupport_fastrtps_cpp;rosidl_typesupport_introspection_cpp
[0.815s] -- Found rmw_implementation_cmake: 6.1.2 (/opt/ros/humble/share/rmw_implementation_cmake/cmake)
[0.819s] -- Found rmw_fastrtps_cpp: 6.2.10 (/opt/ros/humble/share/rmw_fastrtps_cpp/cmake)
[1.114s] -- Using RMW implementation 'rmw_fastrtps_cpp' as default
[1.319s] -- Found rclcpp_components: 16.0.18 (/opt/ros/humble/share/rclcpp_components/cmake)
[1.395s] -- Found sensor_msgs: 4.9.1 (/opt/ros/humble/share/sensor_msgs/cmake)
[1.499s] -- Found cv_bridge: 3.2.1 (/opt/ros/humble/share/cv_bridge/cmake)
[1.771s] -- Configuring done
[1.846s] -- Generating done
[1.891s] -- Build files have been written to: /home/lactosenjoyer/cam_cpp/build/cam_cpp_components
[2.003s] [35m[1mConsolidate compiler generated dependencies of target multi_stage_components[0m
[2.009s] [35m[1mConsolidate compiler generated dependencies of target producer_node[0m
[2.027s] [35m[1mConsolidate compiler generated dependencies of target display_node[0m
[2.081s] [ 22%] Built target producer_node
[2.100s] [ 44%] Built target display_node
[2.102s] [ 77%] Built target multi_stage_components
[2.126s] [35m[1mConsolidate compiler generated dependencies of target cam_container[0m
[2.178s] [ 88%] [32m[1mLinking CXX executable cam_container[0m
[3.804s] /usr/bin/ld: CMakeFiles/cam_container.dir/src/cam_container.cpp.o: in function `void __gnu_cxx::new_allocator<multi_stage::Processor>::construct<multi_stage::Processor, rclcpp::NodeOptions&>(multi_stage::Processor*, rclcpp::NodeOptions&)':
[3.806s] cam_container.cpp:(.text._ZN9__gnu_cxx13new_allocatorIN11multi_stage9ProcessorEE9constructIS2_JRN6rclcpp11NodeOptionsEEEEvPT_DpOT0_[_ZN9__gnu_cxx13new_allocatorIN11multi_stage9ProcessorEE9constructIS2_JRN6rclcpp11NodeOptionsEEEEvPT_DpOT0_]+0x47): undefined reference to `multi_stage::Processor::Processor(rclcpp::NodeOptions const&)'
[3.895s] collect2: error: ld returned 1 exit status
[3.898s] gmake[2]: *** [CMakeFiles/cam_container.dir/build.make:242: cam_container] Error 1
[3.899s] gmake[1]: *** [CMakeFiles/Makefile2:221: CMakeFiles/cam_container.dir/all] Error 2
[3.899s] gmake: *** [Makefile:146: all] Error 2
[3.903s] Invoked command in '/home/lactosenjoyer/cam_cpp/build/cam_cpp_components' returned '2': CMAKE_PREFIX_PATH=/opt/ros/humble /usr/bin/cmake --build /home/lactosenjoyer/cam_cpp/build/cam_cpp_components -- -j4 -l4
