[0.171s] Invoking command in '/home/lactosenjoyer/cam_cpp/build/examples_rclcpp_minimal_timer': CMAKE_PREFIX_PATH=/opt/ros/humble /usr/bin/cmake --build /home/lactosenjoyer/cam_cpp/build/examples_rclcpp_minimal_timer -- -j4 -l4
[0.440s] [35m[1mConsolidate compiler generated dependencies of target timer_member_function[0m
[0.478s] [35m[1mConsolidate compiler generated dependencies of target timer_lambda[0m
[0.611s] [ 50%] Built target timer_member_function
[0.638s] [100%] Built target timer_lambda
[0.753s] Invoked command in '/home/lactosenjoyer/cam_cpp/build/examples_rclcpp_minimal_timer' returned '0': CMAKE_PREFIX_PATH=/opt/ros/humble /usr/bin/cmake --build /home/lactosenjoyer/cam_cpp/build/examples_rclcpp_minimal_timer -- -j4 -l4
[0.754s] Invoking command in '/home/lactosenjoyer/cam_cpp/build/examples_rclcpp_minimal_timer': CMAKE_PREFIX_PATH=/opt/ros/humble /usr/bin/cmake --install /home/lactosenjoyer/cam_cpp/build/examples_rclcpp_minimal_timer
[0.785s] -- Install configuration: ""
[0.787s] -- Execute custom install script
[0.787s] -- Up-to-date symlink: /home/lactosenjoyer/cam_cpp/install/examples_rclcpp_minimal_timer/lib/examples_rclcpp_minimal_timer/timer_lambda
[0.788s] -- Up-to-date symlink: /home/lactosenjoyer/cam_cpp/install/examples_rclcpp_minimal_timer/lib/examples_rclcpp_minimal_timer/timer_member_function
[0.789s] -- Up-to-date symlink: /home/lactosenjoyer/cam_cpp/install/examples_rclcpp_minimal_timer/share/ament_index/resource_index/package_run_dependencies/examples_rclcpp_minimal_timer
[0.791s] -- Up-to-date symlink: /home/lactosenjoyer/cam_cpp/install/examples_rclcpp_minimal_timer/share/ament_index/resource_index/parent_prefix_path/examples_rclcpp_minimal_timer
[0.791s] -- Up-to-date symlink: /home/lactosenjoyer/cam_cpp/install/examples_rclcpp_minimal_timer/share/examples_rclcpp_minimal_timer/environment/ament_prefix_path.sh
[0.791s] -- Up-to-date symlink: /home/lactosenjoyer/cam_cpp/install/examples_rclcpp_minimal_timer/share/examples_rclcpp_minimal_timer/environment/ament_prefix_path.dsv
[0.792s] -- Up-to-date symlink: /home/lactosenjoyer/cam_cpp/install/examples_rclcpp_minimal_timer/share/examples_rclcpp_minimal_timer/environment/path.sh
[0.794s] -- Up-to-date symlink: /home/lactosenjoyer/cam_cpp/install/examples_rclcpp_minimal_timer/share/examples_rclcpp_minimal_timer/environment/path.dsv
[0.794s] -- Up-to-date symlink: /home/lactosenjoyer/cam_cpp/install/examples_rclcpp_minimal_timer/share/examples_rclcpp_minimal_timer/local_setup.bash
[0.795s] -- Up-to-date symlink: /home/lactosenjoyer/cam_cpp/install/examples_rclcpp_minimal_timer/share/examples_rclcpp_minimal_timer/local_setup.sh
[0.795s] -- Up-to-date symlink: /home/lactosenjoyer/cam_cpp/install/examples_rclcpp_minimal_timer/share/examples_rclcpp_minimal_timer/local_setup.zsh
[0.795s] -- Up-to-date symlink: /home/lactosenjoyer/cam_cpp/install/examples_rclcpp_minimal_timer/share/examples_rclcpp_minimal_timer/local_setup.dsv
[0.795s] -- Symlinking: /home/lactosenjoyer/cam_cpp/install/examples_rclcpp_minimal_timer/share/examples_rclcpp_minimal_timer/package.dsv
[0.819s] -- Up-to-date symlink: /home/lactosenjoyer/cam_cpp/install/examples_rclcpp_minimal_timer/share/ament_index/resource_index/packages/examples_rclcpp_minimal_timer
[0.821s] -- Up-to-date symlink: /home/lactosenjoyer/cam_cpp/install/examples_rclcpp_minimal_timer/share/examples_rclcpp_minimal_timer/cmake/examples_rclcpp_minimal_timerConfig.cmake
[0.822s] -- Up-to-date symlink: /home/lactosenjoyer/cam_cpp/install/examples_rclcpp_minimal_timer/share/examples_rclcpp_minimal_timer/cmake/examples_rclcpp_minimal_timerConfig-version.cmake
[0.822s] -- Up-to-date symlink: /home/lactosenjoyer/cam_cpp/install/examples_rclcpp_minimal_timer/share/examples_rclcpp_minimal_timer/package.xml
[0.832s] Invoked command in '/home/lactosenjoyer/cam_cpp/build/examples_rclcpp_minimal_timer' returned '0': CMAKE_PREFIX_PATH=/opt/ros/humble /usr/bin/cmake --install /home/lactosenjoyer/cam_cpp/build/examples_rclcpp_minimal_timer
