-- The C compiler identification is GNU 11.4.0
-- The CXX compiler identification is GNU 11.4.0
-- Detecting C compiler ABI info
-- Detecting C compiler ABI info - done
-- Check for working C compiler: /usr/bin/cc - skipped
-- Detecting C compile features
-- Detecting C compile features - done
-- Detecting CXX compiler ABI info
-- Detecting CXX compiler ABI info - done
-- Check for working CXX compiler: /usr/bin/c++ - skipped
-- Detecting CXX compile features
-- Detecting CXX compile features - done
-- Found ament_cmake: 1.3.13 (/opt/ros/humble/share/ament_cmake/cmake)
-- Found Python3: /usr/bin/python3 (found version "3.10.12") found components: Interpreter 
-- Override CMake install command with custom implementation using symlinks instead of copying resources
-- Found rclcpp: 16.0.18 (/opt/ros/humble/share/rclcpp/cmake)
-- Found rosidl_generator_c: 3.1.8 (/opt/ros/humble/share/rosidl_generator_c/cmake)
-- Found rosidl_adapter: 3.1.8 (/opt/ros/humble/share/rosidl_adapter/cmake)
-- Found rosidl_generator_cpp: 3.1.8 (/opt/ros/humble/share/rosidl_generator_cpp/cmake)
-- Using all available rosidl_typesupport_c: rosidl_typesupport_fastrtps_c;rosidl_typesupport_introspection_c
-- Using all available rosidl_typesupport_cpp: rosidl_typesupport_fastrtps_cpp;rosidl_typesupport_introspection_cpp
-- Found rmw_implementation_cmake: 6.1.2 (/opt/ros/humble/share/rmw_implementation_cmake/cmake)
-- Found rmw_fastrtps_cpp: 6.2.10 (/opt/ros/humble/share/rmw_fastrtps_cpp/cmake)
-- Found OpenSSL: /usr/lib/x86_64-linux-gnu/libcrypto.so (found version "3.0.2")  
-- Found FastRTPS: /opt/ros/humble/include  
-- Using RMW implementation 'rmw_fastrtps_cpp' as default
-- Looking for pthread.h
-- Looking for pthread.h - found
-- Performing Test CMAKE_HAVE_LIBC_PTHREAD
-- Performing Test CMAKE_HAVE_LIBC_PTHREAD - Success
-- Found Threads: TRUE  
-- Found sensor_msgs: 4.9.1 (/opt/ros/humble/share/sensor_msgs/cmake)
-- Found cv_bridge: 3.2.1 (/opt/ros/humble/share/cv_bridge/cmake)
-- Found OpenCV: /usr (found version "4.5.4") 
-- Configuring done
-- Generating done
-- Build files have been written to: /home/lactosenjoyer/cam_cpp/build/cam_cpp
[ 25%] [32mBuilding CXX object CMakeFiles/imgPub.dir/src/imgPub.cpp.o[0m
[ 50%] [32mBuilding CXX object CMakeFiles/imgSub.dir/src/imgSub.cpp.o[0m
[ 75%] [32m[1mLinking CXX executable imgPub[0m
[ 75%] Built target imgPub
[100%] [32m[1mLinking CXX executable imgSub[0m
[100%] Built target imgSub
-- Install configuration: ""
-- Execute custom install script
-- Symlinking: /home/lactosenjoyer/cam_cpp/install/cam_cpp/lib/cam_cpp/imgPub
-- Symlinking: /home/lactosenjoyer/cam_cpp/install/cam_cpp/lib/cam_cpp/imgSub
-- Symlinking: /home/lactosenjoyer/cam_cpp/install/cam_cpp/share/cam_cpp/launch/cam_launch.py
-- Symlinking: /home/lactosenjoyer/cam_cpp/install/cam_cpp/share/ament_index/resource_index/package_run_dependencies/cam_cpp
-- Symlinking: /home/lactosenjoyer/cam_cpp/install/cam_cpp/share/ament_index/resource_index/parent_prefix_path/cam_cpp
-- Symlinking: /home/lactosenjoyer/cam_cpp/install/cam_cpp/share/cam_cpp/environment/ament_prefix_path.sh
-- Symlinking: /home/lactosenjoyer/cam_cpp/install/cam_cpp/share/cam_cpp/environment/ament_prefix_path.dsv
-- Symlinking: /home/lactosenjoyer/cam_cpp/install/cam_cpp/share/cam_cpp/environment/path.sh
-- Symlinking: /home/lactosenjoyer/cam_cpp/install/cam_cpp/share/cam_cpp/environment/path.dsv
-- Symlinking: /home/lactosenjoyer/cam_cpp/install/cam_cpp/share/cam_cpp/local_setup.bash
-- Symlinking: /home/lactosenjoyer/cam_cpp/install/cam_cpp/share/cam_cpp/local_setup.sh
-- Symlinking: /home/lactosenjoyer/cam_cpp/install/cam_cpp/share/cam_cpp/local_setup.zsh
-- Symlinking: /home/lactosenjoyer/cam_cpp/install/cam_cpp/share/cam_cpp/local_setup.dsv
-- Symlinking: /home/lactosenjoyer/cam_cpp/install/cam_cpp/share/cam_cpp/package.dsv
-- Symlinking: /home/lactosenjoyer/cam_cpp/install/cam_cpp/share/ament_index/resource_index/packages/cam_cpp
-- Symlinking: /home/lactosenjoyer/cam_cpp/install/cam_cpp/share/cam_cpp/cmake/cam_cppConfig.cmake
-- Symlinking: /home/lactosenjoyer/cam_cpp/install/cam_cpp/share/cam_cpp/cmake/cam_cppConfig-version.cmake
-- Symlinking: /home/lactosenjoyer/cam_cpp/install/cam_cpp/share/cam_cpp/package.xml
