[0.034s] Invoking command in '/home/lactosenjoyer/cam_cpp/build/cam_cpp': CMAKE_PREFIX_PATH=/opt/ros/humble /usr/bin/cmake /home/lactosenjoyer/cam_cpp/src/cam_cpp -DAMENT_CMAKE_SYMLINK_INSTALL=1 -DCMAKE_INSTALL_PREFIX=/home/lactosenjoyer/cam_cpp/install/cam_cpp
[0.244s] -- The C compiler identification is GNU 11.4.0
[0.398s] -- The CXX compiler identification is GNU 11.4.0
[0.416s] -- Detecting C compiler ABI info
[0.594s] -- Detecting C compiler ABI info - done
[0.617s] -- Check for working C compiler: /usr/bin/cc - skipped
[0.617s] -- Detecting C compile features
[0.622s] -- Detecting C compile features - done
[0.628s] -- Detecting CXX compiler ABI info
[0.828s] -- Detecting CXX compiler ABI info - done
[0.851s] -- Check for working CXX compiler: /usr/bin/c++ - skipped
[0.855s] -- Detecting CXX compile features
[0.855s] -- Detecting CXX compile features - done
[0.871s] -- Found ament_cmake: 1.3.13 (/opt/ros/humble/share/ament_cmake/cmake)
[1.294s] -- Found Python3: /usr/bin/python3 (found version "3.10.12") found components: Interpreter 
[1.479s] -- Override CMake install command with custom implementation using symlinks instead of copying resources
[1.539s] -- Found rclcpp: 16.0.18 (/opt/ros/humble/share/rclcpp/cmake)
[1.664s] -- Found rosidl_generator_c: 3.1.8 (/opt/ros/humble/share/rosidl_generator_c/cmake)
[1.678s] -- Found rosidl_adapter: 3.1.8 (/opt/ros/humble/share/rosidl_adapter/cmake)
[1.699s] -- Found rosidl_generator_cpp: 3.1.8 (/opt/ros/humble/share/rosidl_generator_cpp/cmake)
[1.731s] -- Using all available rosidl_typesupport_c: rosidl_typesupport_fastrtps_c;rosidl_typesupport_introspection_c
[1.784s] -- Using all available rosidl_typesupport_cpp: rosidl_typesupport_fastrtps_cpp;rosidl_typesupport_introspection_cpp
[1.906s] -- Found rmw_implementation_cmake: 6.1.2 (/opt/ros/humble/share/rmw_implementation_cmake/cmake)
[1.913s] -- Found rmw_fastrtps_cpp: 6.2.10 (/opt/ros/humble/share/rmw_fastrtps_cpp/cmake)
[2.133s] -- Found OpenSSL: /usr/lib/x86_64-linux-gnu/libcrypto.so (found version "3.0.2")  
[2.209s] -- Found FastRTPS: /opt/ros/humble/include  
[2.330s] -- Using RMW implementation 'rmw_fastrtps_cpp' as default
[2.364s] -- Looking for pthread.h
[2.576s] -- Looking for pthread.h - found
[2.576s] -- Performing Test CMAKE_HAVE_LIBC_PTHREAD
[2.778s] -- Performing Test CMAKE_HAVE_LIBC_PTHREAD - Success
[2.781s] -- Found Threads: TRUE  
[2.957s] -- Found sensor_msgs: 4.9.1 (/opt/ros/humble/share/sensor_msgs/cmake)
[3.062s] -- Found cv_bridge: 3.2.1 (/opt/ros/humble/share/cv_bridge/cmake)
[3.101s] -- Found OpenCV: /usr (found version "4.5.4") 
[3.295s] -- Configuring done
[3.346s] -- Generating done
[3.377s] -- Build files have been written to: /home/lactosenjoyer/cam_cpp/build/cam_cpp
[3.409s] Invoked command in '/home/lactosenjoyer/cam_cpp/build/cam_cpp' returned '0': CMAKE_PREFIX_PATH=/opt/ros/humble /usr/bin/cmake /home/lactosenjoyer/cam_cpp/src/cam_cpp -DAMENT_CMAKE_SYMLINK_INSTALL=1 -DCMAKE_INSTALL_PREFIX=/home/lactosenjoyer/cam_cpp/install/cam_cpp
[3.410s] Invoking command in '/home/lactosenjoyer/cam_cpp/build/cam_cpp': CMAKE_PREFIX_PATH=/opt/ros/humble /usr/bin/cmake --build /home/lactosenjoyer/cam_cpp/build/cam_cpp -- -j4 -l4
[3.660s] [ 25%] [32mBuilding CXX object CMakeFiles/imgPub.dir/src/imgPub.cpp.o[0m
[3.677s] [ 50%] [32mBuilding CXX object CMakeFiles/imgSub.dir/src/imgSub.cpp.o[0m
[46.823s] [ 75%] [32m[1mLinking CXX executable imgPub[0m
[49.836s] [ 75%] Built target imgPub
[58.952s] [100%] [32m[1mLinking CXX executable imgSub[0m
[63.197s] [100%] Built target imgSub
[63.319s] Invoked command in '/home/lactosenjoyer/cam_cpp/build/cam_cpp' returned '0': CMAKE_PREFIX_PATH=/opt/ros/humble /usr/bin/cmake --build /home/lactosenjoyer/cam_cpp/build/cam_cpp -- -j4 -l4
[63.331s] Invoking command in '/home/lactosenjoyer/cam_cpp/build/cam_cpp': CMAKE_PREFIX_PATH=/opt/ros/humble /usr/bin/cmake --install /home/lactosenjoyer/cam_cpp/build/cam_cpp
[63.369s] -- Install configuration: ""
[63.381s] -- Execute custom install script
[63.383s] -- Symlinking: /home/lactosenjoyer/cam_cpp/install/cam_cpp/lib/cam_cpp/imgPub
[63.422s] -- Symlinking: /home/lactosenjoyer/cam_cpp/install/cam_cpp/lib/cam_cpp/imgSub
[63.446s] -- Symlinking: /home/lactosenjoyer/cam_cpp/install/cam_cpp/share/cam_cpp/launch/cam_launch.py
[63.480s] -- Symlinking: /home/lactosenjoyer/cam_cpp/install/cam_cpp/share/ament_index/resource_index/package_run_dependencies/cam_cpp
[63.502s] -- Symlinking: /home/lactosenjoyer/cam_cpp/install/cam_cpp/share/ament_index/resource_index/parent_prefix_path/cam_cpp
[63.522s] -- Symlinking: /home/lactosenjoyer/cam_cpp/install/cam_cpp/share/cam_cpp/environment/ament_prefix_path.sh
[63.596s] -- Symlinking: /home/lactosenjoyer/cam_cpp/install/cam_cpp/share/cam_cpp/environment/ament_prefix_path.dsv
[63.617s] -- Symlinking: /home/lactosenjoyer/cam_cpp/install/cam_cpp/share/cam_cpp/environment/path.sh
[63.636s] -- Symlinking: /home/lactosenjoyer/cam_cpp/install/cam_cpp/share/cam_cpp/environment/path.dsv
[63.655s] -- Symlinking: /home/lactosenjoyer/cam_cpp/install/cam_cpp/share/cam_cpp/local_setup.bash
[63.710s] -- Symlinking: /home/lactosenjoyer/cam_cpp/install/cam_cpp/share/cam_cpp/local_setup.sh
[63.729s] -- Symlinking: /home/lactosenjoyer/cam_cpp/install/cam_cpp/share/cam_cpp/local_setup.zsh
[63.748s] -- Symlinking: /home/lactosenjoyer/cam_cpp/install/cam_cpp/share/cam_cpp/local_setup.dsv
[63.769s] -- Symlinking: /home/lactosenjoyer/cam_cpp/install/cam_cpp/share/cam_cpp/package.dsv
[63.799s] -- Symlinking: /home/lactosenjoyer/cam_cpp/install/cam_cpp/share/ament_index/resource_index/packages/cam_cpp
[63.818s] -- Symlinking: /home/lactosenjoyer/cam_cpp/install/cam_cpp/share/cam_cpp/cmake/cam_cppConfig.cmake
[63.839s] -- Symlinking: /home/lactosenjoyer/cam_cpp/install/cam_cpp/share/cam_cpp/cmake/cam_cppConfig-version.cmake
[63.858s] -- Symlinking: /home/lactosenjoyer/cam_cpp/install/cam_cpp/share/cam_cpp/package.xml
[63.903s] Invoked command in '/home/lactosenjoyer/cam_cpp/build/cam_cpp' returned '0': CMAKE_PREFIX_PATH=/opt/ros/humble /usr/bin/cmake --install /home/lactosenjoyer/cam_cpp/build/cam_cpp
