[0.033s] Invoking command in '/home/lactosenjoyer/cam_cpp/build/examples_rclcpp_minimal_publisher': CMAKE_PREFIX_PATH=/opt/ros/humble /usr/bin/cmake --build /home/lactosenjoyer/cam_cpp/build/examples_rclcpp_minimal_publisher -- -j4 -l4
[0.170s] [35m[1mConsolidate compiler generated dependencies of target publisher_lambda[0m
[0.172s] [35m[1mConsolidate compiler generated dependencies of target publisher_member_function[0m
[0.172s] [35m[1mConsolidate compiler generated dependencies of target publisher_member_function_with_type_adapter[0m
[0.183s] [35m[1mConsolidate compiler generated dependencies of target publisher_member_function_with_unique_network_flow_endpoints[0m
[0.263s] [ 25%] Built target publisher_member_function_with_type_adapter
[0.265s] [ 33%] Built target publisher_member_function_with_unique_network_flow_endpoints
[0.284s] [ 50%] Built target publisher_member_function
[0.285s] [ 66%] Built target publisher_lambda
[0.302s] [35m[1mConsolidate compiler generated dependencies of target publisher_wait_for_all_acked[0m
[0.336s] [35m[1mConsolidate compiler generated dependencies of target publisher_not_composable[0m
[0.361s] [ 83%] Built target publisher_wait_for_all_acked
[0.390s] [100%] Built target publisher_not_composable
[0.421s] Invoked command in '/home/lactosenjoyer/cam_cpp/build/examples_rclcpp_minimal_publisher' returned '0': CMAKE_PREFIX_PATH=/opt/ros/humble /usr/bin/cmake --build /home/lactosenjoyer/cam_cpp/build/examples_rclcpp_minimal_publisher -- -j4 -l4
[0.429s] Invoking command in '/home/lactosenjoyer/cam_cpp/build/examples_rclcpp_minimal_publisher': CMAKE_PREFIX_PATH=/opt/ros/humble /usr/bin/cmake --install /home/lactosenjoyer/cam_cpp/build/examples_rclcpp_minimal_publisher
[0.447s] -- Install configuration: ""
[0.447s] -- Execute custom install script
[0.447s] -- Symlinking: /home/lactosenjoyer/cam_cpp/install/examples_rclcpp_minimal_publisher/lib/examples_rclcpp_minimal_publisher/publisher_lambda
[0.467s] -- Symlinking: /home/lactosenjoyer/cam_cpp/install/examples_rclcpp_minimal_publisher/lib/examples_rclcpp_minimal_publisher/publisher_member_function
[0.488s] -- Symlinking: /home/lactosenjoyer/cam_cpp/install/examples_rclcpp_minimal_publisher/lib/examples_rclcpp_minimal_publisher/publisher_member_function_with_type_adapter
[0.504s] -- Symlinking: /home/lactosenjoyer/cam_cpp/install/examples_rclcpp_minimal_publisher/lib/examples_rclcpp_minimal_publisher/publisher_member_function_with_unique_network_flow_endpoints
[0.533s] -- Symlinking: /home/lactosenjoyer/cam_cpp/install/examples_rclcpp_minimal_publisher/lib/examples_rclcpp_minimal_publisher/publisher_wait_for_all_acked
[0.552s] -- Symlinking: /home/lactosenjoyer/cam_cpp/install/examples_rclcpp_minimal_publisher/lib/examples_rclcpp_minimal_publisher/publisher_not_composable
[0.571s] -- Symlinking: /home/lactosenjoyer/cam_cpp/install/examples_rclcpp_minimal_publisher/share/ament_index/resource_index/package_run_dependencies/examples_rclcpp_minimal_publisher
[0.590s] -- Symlinking: /home/lactosenjoyer/cam_cpp/install/examples_rclcpp_minimal_publisher/share/ament_index/resource_index/parent_prefix_path/examples_rclcpp_minimal_publisher
[0.609s] -- Symlinking: /home/lactosenjoyer/cam_cpp/install/examples_rclcpp_minimal_publisher/share/examples_rclcpp_minimal_publisher/environment/ament_prefix_path.sh
[0.642s] -- Symlinking: /home/lactosenjoyer/cam_cpp/install/examples_rclcpp_minimal_publisher/share/examples_rclcpp_minimal_publisher/environment/ament_prefix_path.dsv
[0.655s] -- Symlinking: /home/lactosenjoyer/cam_cpp/install/examples_rclcpp_minimal_publisher/share/examples_rclcpp_minimal_publisher/environment/path.sh
[0.674s] -- Symlinking: /home/lactosenjoyer/cam_cpp/install/examples_rclcpp_minimal_publisher/share/examples_rclcpp_minimal_publisher/environment/path.dsv
[0.692s] -- Symlinking: /home/lactosenjoyer/cam_cpp/install/examples_rclcpp_minimal_publisher/share/examples_rclcpp_minimal_publisher/local_setup.bash
[0.714s] -- Symlinking: /home/lactosenjoyer/cam_cpp/install/examples_rclcpp_minimal_publisher/share/examples_rclcpp_minimal_publisher/local_setup.sh
[0.730s] -- Symlinking: /home/lactosenjoyer/cam_cpp/install/examples_rclcpp_minimal_publisher/share/examples_rclcpp_minimal_publisher/local_setup.zsh
[0.759s] -- Symlinking: /home/lactosenjoyer/cam_cpp/install/examples_rclcpp_minimal_publisher/share/examples_rclcpp_minimal_publisher/local_setup.dsv
[0.780s] -- Symlinking: /home/lactosenjoyer/cam_cpp/install/examples_rclcpp_minimal_publisher/share/examples_rclcpp_minimal_publisher/package.dsv
[0.829s] -- Symlinking: /home/lactosenjoyer/cam_cpp/install/examples_rclcpp_minimal_publisher/share/ament_index/resource_index/packages/examples_rclcpp_minimal_publisher
[0.848s] -- Symlinking: /home/lactosenjoyer/cam_cpp/install/examples_rclcpp_minimal_publisher/share/examples_rclcpp_minimal_publisher/cmake/examples_rclcpp_minimal_publisherConfig.cmake
[0.869s] -- Symlinking: /home/lactosenjoyer/cam_cpp/install/examples_rclcpp_minimal_publisher/share/examples_rclcpp_minimal_publisher/cmake/examples_rclcpp_minimal_publisherConfig-version.cmake
[0.885s] -- Symlinking: /home/lactosenjoyer/cam_cpp/install/examples_rclcpp_minimal_publisher/share/examples_rclcpp_minimal_publisher/package.xml
[0.911s] Invoked command in '/home/lactosenjoyer/cam_cpp/build/examples_rclcpp_minimal_publisher' returned '0': CMAKE_PREFIX_PATH=/opt/ros/humble /usr/bin/cmake --install /home/lactosenjoyer/cam_cpp/build/examples_rclcpp_minimal_publisher
