[0.080s] Invoking command in '/home/lactosenjoyer/cam_cpp/build/examples_rclcpp_minimal_action_client': CMAKE_PREFIX_PATH=/opt/ros/humble /usr/bin/cmake --build /home/lactosenjoyer/cam_cpp/build/examples_rclcpp_minimal_action_client -- -j4 -l4
[0.212s] [35m[1mConsolidate compiler generated dependencies of target action_client_not_composable_with_cancel[0m
[0.225s] [35m[1mConsolidate compiler generated dependencies of target action_client_not_composable_with_feedback[0m
[0.228s] [35m[1mConsolidate compiler generated dependencies of target action_client_member_functions[0m
[0.240s] [35m[1mConsolidate compiler generated dependencies of target action_client_not_composable[0m
[0.299s] [ 25%] Built target action_client_not_composable_with_cancel
[0.307s] [ 50%] Built target action_client_not_composable_with_feedback
[0.329s] [ 75%] Built target action_client_member_functions
[0.331s] [100%] Built target action_client_not_composable
[0.364s] Invoked command in '/home/lactosenjoyer/cam_cpp/build/examples_rclcpp_minimal_action_client' returned '0': CMAKE_PREFIX_PATH=/opt/ros/humble /usr/bin/cmake --build /home/lactosenjoyer/cam_cpp/build/examples_rclcpp_minimal_action_client -- -j4 -l4
[0.367s] Invoking command in '/home/lactosenjoyer/cam_cpp/build/examples_rclcpp_minimal_action_client': CMAKE_PREFIX_PATH=/opt/ros/humble /usr/bin/cmake --install /home/lactosenjoyer/cam_cpp/build/examples_rclcpp_minimal_action_client
[0.384s] -- Install configuration: ""
[0.386s] -- Execute custom install script
[0.386s] -- Symlinking: /home/lactosenjoyer/cam_cpp/install/examples_rclcpp_minimal_action_client/lib/examples_rclcpp_minimal_action_client/action_client_member_functions
[0.403s] -- Symlinking: /home/lactosenjoyer/cam_cpp/install/examples_rclcpp_minimal_action_client/lib/examples_rclcpp_minimal_action_client/action_client_not_composable
[0.421s] -- Symlinking: /home/lactosenjoyer/cam_cpp/install/examples_rclcpp_minimal_action_client/lib/examples_rclcpp_minimal_action_client/action_client_not_composable_with_cancel
[0.439s] -- Symlinking: /home/lactosenjoyer/cam_cpp/install/examples_rclcpp_minimal_action_client/lib/examples_rclcpp_minimal_action_client/action_client_not_composable_with_feedback
[0.468s] -- Symlinking: /home/lactosenjoyer/cam_cpp/install/examples_rclcpp_minimal_action_client/share/ament_index/resource_index/package_run_dependencies/examples_rclcpp_minimal_action_client
[0.487s] -- Symlinking: /home/lactosenjoyer/cam_cpp/install/examples_rclcpp_minimal_action_client/share/ament_index/resource_index/parent_prefix_path/examples_rclcpp_minimal_action_client
[0.507s] -- Symlinking: /home/lactosenjoyer/cam_cpp/install/examples_rclcpp_minimal_action_client/share/examples_rclcpp_minimal_action_client/environment/ament_prefix_path.sh
[0.526s] -- Symlinking: /home/lactosenjoyer/cam_cpp/install/examples_rclcpp_minimal_action_client/share/examples_rclcpp_minimal_action_client/environment/ament_prefix_path.dsv
[0.551s] -- Symlinking: /home/lactosenjoyer/cam_cpp/install/examples_rclcpp_minimal_action_client/share/examples_rclcpp_minimal_action_client/environment/path.sh
[0.573s] -- Symlinking: /home/lactosenjoyer/cam_cpp/install/examples_rclcpp_minimal_action_client/share/examples_rclcpp_minimal_action_client/environment/path.dsv
[0.592s] -- Symlinking: /home/lactosenjoyer/cam_cpp/install/examples_rclcpp_minimal_action_client/share/examples_rclcpp_minimal_action_client/local_setup.bash
[0.611s] -- Symlinking: /home/lactosenjoyer/cam_cpp/install/examples_rclcpp_minimal_action_client/share/examples_rclcpp_minimal_action_client/local_setup.sh
[0.636s] -- Symlinking: /home/lactosenjoyer/cam_cpp/install/examples_rclcpp_minimal_action_client/share/examples_rclcpp_minimal_action_client/local_setup.zsh
[0.663s] -- Symlinking: /home/lactosenjoyer/cam_cpp/install/examples_rclcpp_minimal_action_client/share/examples_rclcpp_minimal_action_client/local_setup.dsv
[0.682s] -- Symlinking: /home/lactosenjoyer/cam_cpp/install/examples_rclcpp_minimal_action_client/share/examples_rclcpp_minimal_action_client/package.dsv
[0.701s] -- Symlinking: /home/lactosenjoyer/cam_cpp/install/examples_rclcpp_minimal_action_client/share/ament_index/resource_index/packages/examples_rclcpp_minimal_action_client
[0.720s] -- Symlinking: /home/lactosenjoyer/cam_cpp/install/examples_rclcpp_minimal_action_client/share/examples_rclcpp_minimal_action_client/cmake/examples_rclcpp_minimal_action_clientConfig.cmake
[0.741s] -- Symlinking: /home/lactosenjoyer/cam_cpp/install/examples_rclcpp_minimal_action_client/share/examples_rclcpp_minimal_action_client/cmake/examples_rclcpp_minimal_action_clientConfig-version.cmake
[0.771s] -- Symlinking: /home/lactosenjoyer/cam_cpp/install/examples_rclcpp_minimal_action_client/share/examples_rclcpp_minimal_action_client/package.xml
[0.801s] Invoked command in '/home/lactosenjoyer/cam_cpp/build/examples_rclcpp_minimal_action_client' returned '0': CMAKE_PREFIX_PATH=/opt/ros/humble /usr/bin/cmake --install /home/lactosenjoyer/cam_cpp/build/examples_rclcpp_minimal_action_client
