[0.032s] Invoking command in '/home/lactosenjoyer/cam_cpp/build/examples_rclcpp_async_client': CMAKE_PREFIX_PATH=/opt/ros/humble /usr/bin/cmake --build /home/lactosenjoyer/cam_cpp/build/examples_rclcpp_async_client -- -j4 -l4
[0.240s] [100%] Built target client_main
[0.276s] Invoked command in '/home/lactosenjoyer/cam_cpp/build/examples_rclcpp_async_client' returned '0': CMAKE_PREFIX_PATH=/opt/ros/humble /usr/bin/cmake --build /home/lactosenjoyer/cam_cpp/build/examples_rclcpp_async_client -- -j4 -l4
[0.297s] Invoking command in '/home/lactosenjoyer/cam_cpp/build/examples_rclcpp_async_client': CMAKE_PREFIX_PATH=/opt/ros/humble /usr/bin/cmake --install /home/lactosenjoyer/cam_cpp/build/examples_rclcpp_async_client
[0.332s] -- Install configuration: ""
[0.333s] -- Execute custom install script
[0.333s] -- Up-to-date symlink: /home/lactosenjoyer/cam_cpp/install/examples_rclcpp_async_client/lib/examples_rclcpp_async_client/client_main
[0.333s] -- Up-to-date symlink: /home/lactosenjoyer/cam_cpp/install/examples_rclcpp_async_client/share/ament_index/resource_index/package_run_dependencies/examples_rclcpp_async_client
[0.333s] -- Up-to-date symlink: /home/lactosenjoyer/cam_cpp/install/examples_rclcpp_async_client/share/ament_index/resource_index/parent_prefix_path/examples_rclcpp_async_client
[0.334s] -- Up-to-date symlink: /home/lactosenjoyer/cam_cpp/install/examples_rclcpp_async_client/share/examples_rclcpp_async_client/environment/ament_prefix_path.sh
[0.335s] -- Up-to-date symlink: /home/lactosenjoyer/cam_cpp/install/examples_rclcpp_async_client/share/examples_rclcpp_async_client/environment/ament_prefix_path.dsv
[0.335s] -- Up-to-date symlink: /home/lactosenjoyer/cam_cpp/install/examples_rclcpp_async_client/share/examples_rclcpp_async_client/environment/path.sh
[0.336s] -- Up-to-date symlink: /home/lactosenjoyer/cam_cpp/install/examples_rclcpp_async_client/share/examples_rclcpp_async_client/environment/path.dsv
[0.336s] -- Up-to-date symlink: /home/lactosenjoyer/cam_cpp/install/examples_rclcpp_async_client/share/examples_rclcpp_async_client/local_setup.bash
[0.336s] -- Up-to-date symlink: /home/lactosenjoyer/cam_cpp/install/examples_rclcpp_async_client/share/examples_rclcpp_async_client/local_setup.sh
[0.336s] -- Up-to-date symlink: /home/lactosenjoyer/cam_cpp/install/examples_rclcpp_async_client/share/examples_rclcpp_async_client/local_setup.zsh
[0.337s] -- Up-to-date symlink: /home/lactosenjoyer/cam_cpp/install/examples_rclcpp_async_client/share/examples_rclcpp_async_client/local_setup.dsv
[0.337s] -- Symlinking: /home/lactosenjoyer/cam_cpp/install/examples_rclcpp_async_client/share/examples_rclcpp_async_client/package.dsv
[0.356s] -- Up-to-date symlink: /home/lactosenjoyer/cam_cpp/install/examples_rclcpp_async_client/share/ament_index/resource_index/packages/examples_rclcpp_async_client
[0.356s] -- Up-to-date symlink: /home/lactosenjoyer/cam_cpp/install/examples_rclcpp_async_client/share/examples_rclcpp_async_client/cmake/examples_rclcpp_async_clientConfig.cmake
[0.357s] -- Up-to-date symlink: /home/lactosenjoyer/cam_cpp/install/examples_rclcpp_async_client/share/examples_rclcpp_async_client/cmake/examples_rclcpp_async_clientConfig-version.cmake
[0.358s] -- Up-to-date symlink: /home/lactosenjoyer/cam_cpp/install/examples_rclcpp_async_client/share/examples_rclcpp_async_client/package.xml
[0.364s] Invoked command in '/home/lactosenjoyer/cam_cpp/build/examples_rclcpp_async_client' returned '0': CMAKE_PREFIX_PATH=/opt/ros/humble /usr/bin/cmake --install /home/lactosenjoyer/cam_cpp/build/examples_rclcpp_async_client
