[0.141s] Invoking command in '/home/lactosenjoyer/cam_cpp/build/examples_rclcpp_minimal_publisher': CMAKE_PREFIX_PATH=/opt/ros/humble /usr/bin/cmake --build /home/lactosenjoyer/cam_cpp/build/examples_rclcpp_minimal_publisher -- -j4 -l4
[0.558s] [ 16%] Built target publisher_lambda
[0.619s] [ 33%] Built target publisher_member_function
[0.642s] [ 50%] Built target publisher_member_function_with_type_adapter
[0.642s] [ 66%] Built target publisher_member_function_with_unique_network_flow_endpoints
[0.819s] [ 83%] Built target publisher_not_composable
[0.832s] [100%] Built target publisher_wait_for_all_acked
[0.871s] Invoked command in '/home/lactosenjoyer/cam_cpp/build/examples_rclcpp_minimal_publisher' returned '0': CMAKE_PREFIX_PATH=/opt/ros/humble /usr/bin/cmake --build /home/lactosenjoyer/cam_cpp/build/examples_rclcpp_minimal_publisher -- -j4 -l4
[0.872s] Invoking command in '/home/lactosenjoyer/cam_cpp/build/examples_rclcpp_minimal_publisher': CMAKE_PREFIX_PATH=/opt/ros/humble /usr/bin/cmake --install /home/lactosenjoyer/cam_cpp/build/examples_rclcpp_minimal_publisher
[0.898s] -- Install configuration: ""
[0.898s] -- Execute custom install script
[0.899s] -- Up-to-date symlink: /home/lactosenjoyer/cam_cpp/install/examples_rclcpp_minimal_publisher/lib/examples_rclcpp_minimal_publisher/publisher_lambda
[0.899s] -- Up-to-date symlink: /home/lactosenjoyer/cam_cpp/install/examples_rclcpp_minimal_publisher/lib/examples_rclcpp_minimal_publisher/publisher_member_function
[0.900s] -- Up-to-date symlink: /home/lactosenjoyer/cam_cpp/install/examples_rclcpp_minimal_publisher/lib/examples_rclcpp_minimal_publisher/publisher_member_function_with_type_adapter
[0.901s] -- Up-to-date symlink: /home/lactosenjoyer/cam_cpp/install/examples_rclcpp_minimal_publisher/lib/examples_rclcpp_minimal_publisher/publisher_member_function_with_unique_network_flow_endpoints
[0.906s] -- Up-to-date symlink: /home/lactosenjoyer/cam_cpp/install/examples_rclcpp_minimal_publisher/lib/examples_rclcpp_minimal_publisher/publisher_wait_for_all_acked
[0.910s] -- Up-to-date symlink: /home/lactosenjoyer/cam_cpp/install/examples_rclcpp_minimal_publisher/lib/examples_rclcpp_minimal_publisher/publisher_not_composable
[0.910s] -- Up-to-date symlink: /home/lactosenjoyer/cam_cpp/install/examples_rclcpp_minimal_publisher/share/ament_index/resource_index/package_run_dependencies/examples_rclcpp_minimal_publisher
[0.911s] -- Up-to-date symlink: /home/lactosenjoyer/cam_cpp/install/examples_rclcpp_minimal_publisher/share/ament_index/resource_index/parent_prefix_path/examples_rclcpp_minimal_publisher
[0.911s] -- Up-to-date symlink: /home/lactosenjoyer/cam_cpp/install/examples_rclcpp_minimal_publisher/share/examples_rclcpp_minimal_publisher/environment/ament_prefix_path.sh
[0.917s] -- Up-to-date symlink: /home/lactosenjoyer/cam_cpp/install/examples_rclcpp_minimal_publisher/share/examples_rclcpp_minimal_publisher/environment/ament_prefix_path.dsv
[0.926s] -- Up-to-date symlink: /home/lactosenjoyer/cam_cpp/install/examples_rclcpp_minimal_publisher/share/examples_rclcpp_minimal_publisher/environment/path.sh
[0.926s] -- Up-to-date symlink: /home/lactosenjoyer/cam_cpp/install/examples_rclcpp_minimal_publisher/share/examples_rclcpp_minimal_publisher/environment/path.dsv
[0.927s] -- Up-to-date symlink: /home/lactosenjoyer/cam_cpp/install/examples_rclcpp_minimal_publisher/share/examples_rclcpp_minimal_publisher/local_setup.bash
[0.927s] -- Up-to-date symlink: /home/lactosenjoyer/cam_cpp/install/examples_rclcpp_minimal_publisher/share/examples_rclcpp_minimal_publisher/local_setup.sh
[0.927s] -- Up-to-date symlink: /home/lactosenjoyer/cam_cpp/install/examples_rclcpp_minimal_publisher/share/examples_rclcpp_minimal_publisher/local_setup.zsh
[0.928s] -- Up-to-date symlink: /home/lactosenjoyer/cam_cpp/install/examples_rclcpp_minimal_publisher/share/examples_rclcpp_minimal_publisher/local_setup.dsv
[0.928s] -- Symlinking: /home/lactosenjoyer/cam_cpp/install/examples_rclcpp_minimal_publisher/share/examples_rclcpp_minimal_publisher/package.dsv
[0.953s] -- Up-to-date symlink: /home/lactosenjoyer/cam_cpp/install/examples_rclcpp_minimal_publisher/share/ament_index/resource_index/packages/examples_rclcpp_minimal_publisher
[0.954s] -- Up-to-date symlink: /home/lactosenjoyer/cam_cpp/install/examples_rclcpp_minimal_publisher/share/examples_rclcpp_minimal_publisher/cmake/examples_rclcpp_minimal_publisherConfig.cmake
[0.955s] -- Up-to-date symlink: /home/lactosenjoyer/cam_cpp/install/examples_rclcpp_minimal_publisher/share/examples_rclcpp_minimal_publisher/cmake/examples_rclcpp_minimal_publisherConfig-version.cmake
[0.955s] -- Up-to-date symlink: /home/lactosenjoyer/cam_cpp/install/examples_rclcpp_minimal_publisher/share/examples_rclcpp_minimal_publisher/package.xml
[0.991s] Invoked command in '/home/lactosenjoyer/cam_cpp/build/examples_rclcpp_minimal_publisher' returned '0': CMAKE_PREFIX_PATH=/opt/ros/humble /usr/bin/cmake --install /home/lactosenjoyer/cam_cpp/build/examples_rclcpp_minimal_publisher
