[0.031s] Invoking command in '/home/lactosenjoyer/cam_cpp/build/cam_cpp_components': CMAKE_PREFIX_PATH=/opt/ros/humble /usr/bin/cmake /home/lactosenjoyer/cam_cpp/src/cam_cpp_components -DAMENT_CMAKE_SYMLINK_INSTALL=1 -DCMAKE_INSTALL_PREFIX=/home/lactosenjoyer/cam_cpp/install/cam_cpp_components
[0.233s] -- The C compiler identification is GNU 11.4.0
[0.389s] -- The CXX compiler identification is GNU 11.4.0
[0.407s] -- Detecting C compiler ABI info
[0.587s] -- Detecting C compiler ABI info - done
[0.613s] -- Check for working C compiler: /usr/bin/cc - skipped
[0.613s] -- Detecting C compile features
[0.614s] -- Detecting C compile features - done
[0.620s] -- Detecting CXX compiler ABI info
[0.820s] -- Detecting CXX compiler ABI info - done
[0.843s] -- Check for working CXX compiler: /usr/bin/c++ - skipped
[0.846s] -- Detecting CXX compile features
[0.847s] -- Detecting CXX compile features - done
[0.864s] -- Found ament_cmake: 1.3.13 (/opt/ros/humble/share/ament_cmake/cmake)
[1.285s] -- Found Python3: /usr/bin/python3 (found version "3.10.12") found components: Interpreter 
[1.471s] -- Override CMake install command with custom implementation using symlinks instead of copying resources
[1.531s] -- Found rclcpp: 16.0.18 (/opt/ros/humble/share/rclcpp/cmake)
[1.654s] -- Found rosidl_generator_c: 3.1.8 (/opt/ros/humble/share/rosidl_generator_c/cmake)
[1.669s] -- Found rosidl_adapter: 3.1.8 (/opt/ros/humble/share/rosidl_adapter/cmake)
[1.689s] -- Found rosidl_generator_cpp: 3.1.8 (/opt/ros/humble/share/rosidl_generator_cpp/cmake)
[1.724s] -- Using all available rosidl_typesupport_c: rosidl_typesupport_fastrtps_c;rosidl_typesupport_introspection_c
[1.774s] -- Using all available rosidl_typesupport_cpp: rosidl_typesupport_fastrtps_cpp;rosidl_typesupport_introspection_cpp
[1.896s] -- Found rmw_implementation_cmake: 6.1.2 (/opt/ros/humble/share/rmw_implementation_cmake/cmake)
[1.902s] -- Found rmw_fastrtps_cpp: 6.2.10 (/opt/ros/humble/share/rmw_fastrtps_cpp/cmake)
[2.128s] -- Found OpenSSL: /usr/lib/x86_64-linux-gnu/libcrypto.so (found version "3.0.2")  
[2.215s] -- Found FastRTPS: /opt/ros/humble/include  
[2.355s] -- Using RMW implementation 'rmw_fastrtps_cpp' as default
[2.374s] -- Looking for pthread.h
[2.582s] -- Looking for pthread.h - found
[2.583s] -- Performing Test CMAKE_HAVE_LIBC_PTHREAD
[2.791s] -- Performing Test CMAKE_HAVE_LIBC_PTHREAD - Success
[2.794s] -- Found Threads: TRUE  
[3.007s] -- Found rclcpp_components: 16.0.18 (/opt/ros/humble/share/rclcpp_components/cmake)
[3.096s] -- Found sensor_msgs: 4.9.1 (/opt/ros/humble/share/sensor_msgs/cmake)
[3.201s] -- Found cv_bridge: 3.2.1 (/opt/ros/humble/share/cv_bridge/cmake)
[3.244s] -- Found OpenCV: /usr (found version "4.5.4") 
[3.506s] -- Configuring done
[3.611s] -- Generating done
[3.648s] -- Build files have been written to: /home/lactosenjoyer/cam_cpp/build/cam_cpp_components
[3.705s] Invoked command in '/home/lactosenjoyer/cam_cpp/build/cam_cpp_components' returned '0': CMAKE_PREFIX_PATH=/opt/ros/humble /usr/bin/cmake /home/lactosenjoyer/cam_cpp/src/cam_cpp_components -DAMENT_CMAKE_SYMLINK_INSTALL=1 -DCMAKE_INSTALL_PREFIX=/home/lactosenjoyer/cam_cpp/install/cam_cpp_components
[3.706s] Invoking command in '/home/lactosenjoyer/cam_cpp/build/cam_cpp_components': CMAKE_PREFIX_PATH=/opt/ros/humble /usr/bin/cmake --build /home/lactosenjoyer/cam_cpp/build/cam_cpp_components -- -j4 -l4
[4.001s] [ 11%] [32mBuilding CXX object CMakeFiles/multi_stage_components.dir/src/producer.cpp.o[0m
[4.009s] [ 22%] [32mBuilding CXX object CMakeFiles/multi_stage_components.dir/src/display.cpp.o[0m
[4.012s] [ 33%] [32mBuilding CXX object CMakeFiles/display_node.dir/rclcpp_components/node_main_display_node.cpp.o[0m
[4.020s] [ 44%] [32mBuilding CXX object CMakeFiles/producer_node.dir/rclcpp_components/node_main_producer_node.cpp.o[0m
[25.242s] [ 55%] [32m[1mLinking CXX executable producer_node[0m
[26.493s] [ 55%] Built target producer_node
[28.304s] [ 66%] [32m[1mLinking CXX executable display_node[0m
[29.267s] [ 66%] Built target display_node
[62.459s] [ 77%] [32m[1mLinking CXX shared library libmulti_stage_components.so[0m
[64.864s] [ 77%] Built target multi_stage_components
[65.002s] [ 88%] [32mBuilding CXX object CMakeFiles/cam_container.dir/src/cam_container.cpp.o[0m
[80.130s] [100%] [32m[1mLinking CXX executable cam_container[0m
[81.432s] /usr/bin/ld: CMakeFiles/cam_container.dir/src/cam_container.cpp.o: in function `void __gnu_cxx::new_allocator<multi_stage::Processor>::construct<multi_stage::Processor, rclcpp::NodeOptions&>(multi_stage::Processor*, rclcpp::NodeOptions&)':
[81.432s] cam_container.cpp:(.text._ZN9__gnu_cxx13new_allocatorIN11multi_stage9ProcessorEE9constructIS2_JRN6rclcpp11NodeOptionsEEEEvPT_DpOT0_[_ZN9__gnu_cxx13new_allocatorIN11multi_stage9ProcessorEE9constructIS2_JRN6rclcpp11NodeOptionsEEEEvPT_DpOT0_]+0x47): undefined reference to `multi_stage::Processor::Processor(rclcpp::NodeOptions const&)'
[81.459s] /usr/bin/ld: libmulti_stage_components.so: undefined reference to `cv::imshow(std::__cxx11::basic_string<char, std::char_traits<char>, std::allocator<char> > const&, cv::_InputArray const&)'
[81.463s] /usr/bin/ld: libmulti_stage_components.so: undefined reference to `cv::VideoCapture::operator>>(cv::Mat&)'
[81.465s] /usr/bin/ld: libmulti_stage_components.so: undefined reference to `cv::VideoCapture::isOpened() const'
[81.466s] /usr/bin/ld: libmulti_stage_components.so: undefined reference to `cv::CascadeClassifier::load(std::__cxx11::basic_string<char, std::char_traits<char>, std::allocator<char> > const&)'
[81.470s] /usr/bin/ld: libmulti_stage_components.so: undefined reference to `cv::CascadeClassifier::~CascadeClassifier()'
[81.474s] /usr/bin/ld: libmulti_stage_components.so: undefined reference to `cv::VideoCapture::~VideoCapture()'
[81.475s] /usr/bin/ld: libmulti_stage_components.so: undefined reference to `cv::waitKey(int)'
[81.477s] /usr/bin/ld: libmulti_stage_components.so: undefined reference to `cv::CascadeClassifier::detectMultiScale(cv::_InputArray const&, std::vector<cv::Rect_<int>, std::allocator<cv::Rect_<int> > >&, double, int, int, cv::Size_<int>, cv::Size_<int>)'
[81.478s] /usr/bin/ld: libmulti_stage_components.so: undefined reference to `cv::CascadeClassifier::CascadeClassifier()'
[81.478s] /usr/bin/ld: libmulti_stage_components.so: undefined reference to `cv::VideoCapture::VideoCapture()'
[81.479s] /usr/bin/ld: libmulti_stage_components.so: undefined reference to `cv::VideoCapture::open(int, int)'
[81.499s] collect2: error: ld returned 1 exit status
[81.502s] gmake[2]: *** [CMakeFiles/cam_container.dir/build.make:191: cam_container] Error 1
[81.503s] gmake[1]: *** [CMakeFiles/Makefile2:221: CMakeFiles/cam_container.dir/all] Error 2
[81.504s] gmake: *** [Makefile:146: all] Error 2
[81.518s] Invoked command in '/home/lactosenjoyer/cam_cpp/build/cam_cpp_components' returned '2': CMAKE_PREFIX_PATH=/opt/ros/humble /usr/bin/cmake --build /home/lactosenjoyer/cam_cpp/build/cam_cpp_components -- -j4 -l4
