[0.017s] Invoking command in '/home/lactosenjoyer/cam_cpp/build/examples_rclcpp_multithreaded_executor': CMAKE_PREFIX_PATH=/opt/ros/humble /usr/bin/cmake /home/lactosenjoyer/cam_cpp/src/rclcpp/executors/multithreaded_executor -DAMENT_CMAKE_SYMLINK_INSTALL=1 -DCMAKE_INSTALL_PREFIX=/home/lactosenjoyer/cam_cpp/install/examples_rclcpp_multithreaded_executor
[0.180s] -- The C compiler identification is GNU 11.4.0
[0.337s] -- The CXX compiler identification is GNU 11.4.0
[0.363s] -- Detecting C compiler ABI info
[0.554s] -- Detecting C compiler ABI info - done
[0.578s] -- Check for working C compiler: /usr/bin/cc - skipped
[0.581s] -- Detecting C compile features
[0.581s] -- Detecting C compile features - done
[0.586s] -- Detecting CXX compiler ABI info
[0.802s] -- Detecting CXX compiler ABI info - done
[0.827s] -- Check for working CXX compiler: /usr/bin/c++ - skipped
[0.829s] -- Detecting CXX compile features
[0.831s] -- Detecting CXX compile features - done
[0.836s] -- Found ament_cmake: 1.3.13 (/opt/ros/humble/share/ament_cmake/cmake)
[1.284s] -- Found Python3: /usr/bin/python3 (found version "3.10.12") found components: Interpreter 
[1.464s] -- Override CMake install command with custom implementation using symlinks instead of copying resources
[1.530s] -- Found rclcpp: 16.0.18 (/opt/ros/humble/share/rclcpp/cmake)
[1.654s] -- Found rosidl_generator_c: 3.1.8 (/opt/ros/humble/share/rosidl_generator_c/cmake)
[1.669s] -- Found rosidl_adapter: 3.1.8 (/opt/ros/humble/share/rosidl_adapter/cmake)
[1.692s] -- Found rosidl_generator_cpp: 3.1.8 (/opt/ros/humble/share/rosidl_generator_cpp/cmake)
[1.734s] -- Using all available rosidl_typesupport_c: rosidl_typesupport_fastrtps_c;rosidl_typesupport_introspection_c
[1.779s] -- Using all available rosidl_typesupport_cpp: rosidl_typesupport_fastrtps_cpp;rosidl_typesupport_introspection_cpp
[1.916s] -- Found rmw_implementation_cmake: 6.1.2 (/opt/ros/humble/share/rmw_implementation_cmake/cmake)
[1.925s] -- Found rmw_fastrtps_cpp: 6.2.10 (/opt/ros/humble/share/rmw_fastrtps_cpp/cmake)
[2.160s] -- Found OpenSSL: /usr/lib/x86_64-linux-gnu/libcrypto.so (found version "3.0.2")  
[2.241s] -- Found FastRTPS: /opt/ros/humble/include  
[2.350s] -- Using RMW implementation 'rmw_fastrtps_cpp' as default
[2.370s] -- Looking for pthread.h
[2.561s] -- Looking for pthread.h - found
[2.562s] -- Performing Test CMAKE_HAVE_LIBC_PTHREAD
[2.774s] -- Performing Test CMAKE_HAVE_LIBC_PTHREAD - Success
[2.777s] -- Found Threads: TRUE  
[2.958s] -- Found ament_lint_auto: 0.12.15 (/opt/ros/humble/share/ament_lint_auto/cmake)
[3.194s] -- Added test 'copyright' to check source files copyright and LICENSE
[3.197s] -- Added test 'cppcheck' to perform static code analysis on C / C++ code
[3.197s] -- Configured cppcheck include dirs: 
[3.197s] -- Configured cppcheck exclude dirs and/or files: 
[3.200s] -- Added test 'cpplint' to check C / C++ code against the Google style
[3.200s] -- Configured cpplint exclude dirs and/or files: 
[3.201s] -- Added test 'lint_cmake' to check CMake code style
[3.202s] -- Added test 'uncrustify' to check C / C++ code style
[3.202s] -- Configured uncrustify additional arguments: 
[3.207s] -- Added test 'xmllint' to check XML markup files
[3.208s] -- Configuring done
[3.242s] -- Generating done
[3.249s] -- Build files have been written to: /home/lactosenjoyer/cam_cpp/build/examples_rclcpp_multithreaded_executor
[3.268s] Invoked command in '/home/lactosenjoyer/cam_cpp/build/examples_rclcpp_multithreaded_executor' returned '0': CMAKE_PREFIX_PATH=/opt/ros/humble /usr/bin/cmake /home/lactosenjoyer/cam_cpp/src/rclcpp/executors/multithreaded_executor -DAMENT_CMAKE_SYMLINK_INSTALL=1 -DCMAKE_INSTALL_PREFIX=/home/lactosenjoyer/cam_cpp/install/examples_rclcpp_multithreaded_executor
[3.270s] Invoking command in '/home/lactosenjoyer/cam_cpp/build/examples_rclcpp_multithreaded_executor': CMAKE_PREFIX_PATH=/opt/ros/humble /usr/bin/cmake --build /home/lactosenjoyer/cam_cpp/build/examples_rclcpp_multithreaded_executor -- -j4 -l4
[3.401s] [ 50%] [32mBuilding CXX object CMakeFiles/multithreaded_executor.dir/multithreaded_executor.cpp.o[0m
[45.487s] [100%] [32m[1mLinking CXX executable multithreaded_executor[0m
[47.117s] [100%] Built target multithreaded_executor
[47.160s] Invoked command in '/home/lactosenjoyer/cam_cpp/build/examples_rclcpp_multithreaded_executor' returned '0': CMAKE_PREFIX_PATH=/opt/ros/humble /usr/bin/cmake --build /home/lactosenjoyer/cam_cpp/build/examples_rclcpp_multithreaded_executor -- -j4 -l4
[47.163s] Invoking command in '/home/lactosenjoyer/cam_cpp/build/examples_rclcpp_multithreaded_executor': CMAKE_PREFIX_PATH=/opt/ros/humble /usr/bin/cmake --install /home/lactosenjoyer/cam_cpp/build/examples_rclcpp_multithreaded_executor
[47.198s] -- Install configuration: ""
[47.200s] -- Execute custom install script
[47.202s] -- Symlinking: /home/lactosenjoyer/cam_cpp/install/examples_rclcpp_multithreaded_executor/lib/examples_rclcpp_multithreaded_executor/multithreaded_executor
[47.241s] -- Symlinking: /home/lactosenjoyer/cam_cpp/install/examples_rclcpp_multithreaded_executor/share/ament_index/resource_index/package_run_dependencies/examples_rclcpp_multithreaded_executor
[47.260s] -- Symlinking: /home/lactosenjoyer/cam_cpp/install/examples_rclcpp_multithreaded_executor/share/ament_index/resource_index/parent_prefix_path/examples_rclcpp_multithreaded_executor
[47.288s] -- Symlinking: /home/lactosenjoyer/cam_cpp/install/examples_rclcpp_multithreaded_executor/share/examples_rclcpp_multithreaded_executor/environment/ament_prefix_path.sh
[47.312s] -- Symlinking: /home/lactosenjoyer/cam_cpp/install/examples_rclcpp_multithreaded_executor/share/examples_rclcpp_multithreaded_executor/environment/ament_prefix_path.dsv
[47.333s] -- Symlinking: /home/lactosenjoyer/cam_cpp/install/examples_rclcpp_multithreaded_executor/share/examples_rclcpp_multithreaded_executor/environment/path.sh
[47.351s] -- Symlinking: /home/lactosenjoyer/cam_cpp/install/examples_rclcpp_multithreaded_executor/share/examples_rclcpp_multithreaded_executor/environment/path.dsv
[47.377s] -- Symlinking: /home/lactosenjoyer/cam_cpp/install/examples_rclcpp_multithreaded_executor/share/examples_rclcpp_multithreaded_executor/local_setup.bash
[47.404s] -- Symlinking: /home/lactosenjoyer/cam_cpp/install/examples_rclcpp_multithreaded_executor/share/examples_rclcpp_multithreaded_executor/local_setup.sh
[47.422s] -- Symlinking: /home/lactosenjoyer/cam_cpp/install/examples_rclcpp_multithreaded_executor/share/examples_rclcpp_multithreaded_executor/local_setup.zsh
[47.449s] -- Symlinking: /home/lactosenjoyer/cam_cpp/install/examples_rclcpp_multithreaded_executor/share/examples_rclcpp_multithreaded_executor/local_setup.dsv
[47.468s] -- Symlinking: /home/lactosenjoyer/cam_cpp/install/examples_rclcpp_multithreaded_executor/share/examples_rclcpp_multithreaded_executor/package.dsv
[47.497s] -- Symlinking: /home/lactosenjoyer/cam_cpp/install/examples_rclcpp_multithreaded_executor/share/ament_index/resource_index/packages/examples_rclcpp_multithreaded_executor
[47.515s] -- Symlinking: /home/lactosenjoyer/cam_cpp/install/examples_rclcpp_multithreaded_executor/share/examples_rclcpp_multithreaded_executor/cmake/examples_rclcpp_multithreaded_executorConfig.cmake
[47.534s] -- Symlinking: /home/lactosenjoyer/cam_cpp/install/examples_rclcpp_multithreaded_executor/share/examples_rclcpp_multithreaded_executor/cmake/examples_rclcpp_multithreaded_executorConfig-version.cmake
[47.553s] -- Symlinking: /home/lactosenjoyer/cam_cpp/install/examples_rclcpp_multithreaded_executor/share/examples_rclcpp_multithreaded_executor/package.xml
[47.591s] Invoked command in '/home/lactosenjoyer/cam_cpp/build/examples_rclcpp_multithreaded_executor' returned '0': CMAKE_PREFIX_PATH=/opt/ros/humble /usr/bin/cmake --install /home/lactosenjoyer/cam_cpp/build/examples_rclcpp_multithreaded_executor
