[0.089s] Invoking command in '/home/lactosenjoyer/cam_cpp/build/examples_rclcpp_multithreaded_executor': CMAKE_PREFIX_PATH=/opt/ros/humble /usr/bin/cmake --build /home/lactosenjoyer/cam_cpp/build/examples_rclcpp_multithreaded_executor -- -j4 -l4
[0.467s] [35m[1mConsolidate compiler generated dependencies of target multithreaded_executor[0m
[0.593s] [100%] Built target multithreaded_executor
[0.652s] Invoked command in '/home/lactosenjoyer/cam_cpp/build/examples_rclcpp_multithreaded_executor' returned '0': CMAKE_PREFIX_PATH=/opt/ros/humble /usr/bin/cmake --build /home/lactosenjoyer/cam_cpp/build/examples_rclcpp_multithreaded_executor -- -j4 -l4
[0.653s] Invoking command in '/home/lactosenjoyer/cam_cpp/build/examples_rclcpp_multithreaded_executor': CMAKE_PREFIX_PATH=/opt/ros/humble /usr/bin/cmake --install /home/lactosenjoyer/cam_cpp/build/examples_rclcpp_multithreaded_executor
[0.663s] -- Install configuration: ""
[0.664s] -- Execute custom install script
[0.665s] -- Up-to-date symlink: /home/lactosenjoyer/cam_cpp/install/examples_rclcpp_multithreaded_executor/lib/examples_rclcpp_multithreaded_executor/multithreaded_executor
[0.666s] -- Up-to-date symlink: /home/lactosenjoyer/cam_cpp/install/examples_rclcpp_multithreaded_executor/share/ament_index/resource_index/package_run_dependencies/examples_rclcpp_multithreaded_executor
[0.668s] -- Up-to-date symlink: /home/lactosenjoyer/cam_cpp/install/examples_rclcpp_multithreaded_executor/share/ament_index/resource_index/parent_prefix_path/examples_rclcpp_multithreaded_executor
[0.668s] -- Up-to-date symlink: /home/lactosenjoyer/cam_cpp/install/examples_rclcpp_multithreaded_executor/share/examples_rclcpp_multithreaded_executor/environment/ament_prefix_path.sh
[0.669s] -- Up-to-date symlink: /home/lactosenjoyer/cam_cpp/install/examples_rclcpp_multithreaded_executor/share/examples_rclcpp_multithreaded_executor/environment/ament_prefix_path.dsv
[0.669s] -- Up-to-date symlink: /home/lactosenjoyer/cam_cpp/install/examples_rclcpp_multithreaded_executor/share/examples_rclcpp_multithreaded_executor/environment/path.sh
[0.669s] -- Up-to-date symlink: /home/lactosenjoyer/cam_cpp/install/examples_rclcpp_multithreaded_executor/share/examples_rclcpp_multithreaded_executor/environment/path.dsv
[0.673s] -- Up-to-date symlink: /home/lactosenjoyer/cam_cpp/install/examples_rclcpp_multithreaded_executor/share/examples_rclcpp_multithreaded_executor/local_setup.bash
[0.673s] -- Up-to-date symlink: /home/lactosenjoyer/cam_cpp/install/examples_rclcpp_multithreaded_executor/share/examples_rclcpp_multithreaded_executor/local_setup.sh
[0.673s] -- Up-to-date symlink: /home/lactosenjoyer/cam_cpp/install/examples_rclcpp_multithreaded_executor/share/examples_rclcpp_multithreaded_executor/local_setup.zsh
[0.673s] -- Up-to-date symlink: /home/lactosenjoyer/cam_cpp/install/examples_rclcpp_multithreaded_executor/share/examples_rclcpp_multithreaded_executor/local_setup.dsv
[0.673s] -- Symlinking: /home/lactosenjoyer/cam_cpp/install/examples_rclcpp_multithreaded_executor/share/examples_rclcpp_multithreaded_executor/package.dsv
[0.700s] -- Up-to-date symlink: /home/lactosenjoyer/cam_cpp/install/examples_rclcpp_multithreaded_executor/share/ament_index/resource_index/packages/examples_rclcpp_multithreaded_executor
[0.701s] -- Up-to-date symlink: /home/lactosenjoyer/cam_cpp/install/examples_rclcpp_multithreaded_executor/share/examples_rclcpp_multithreaded_executor/cmake/examples_rclcpp_multithreaded_executorConfig.cmake
[0.703s] -- Up-to-date symlink: /home/lactosenjoyer/cam_cpp/install/examples_rclcpp_multithreaded_executor/share/examples_rclcpp_multithreaded_executor/cmake/examples_rclcpp_multithreaded_executorConfig-version.cmake
[0.713s] -- Up-to-date symlink: /home/lactosenjoyer/cam_cpp/install/examples_rclcpp_multithreaded_executor/share/examples_rclcpp_multithreaded_executor/package.xml
[0.765s] Invoked command in '/home/lactosenjoyer/cam_cpp/build/examples_rclcpp_multithreaded_executor' returned '0': CMAKE_PREFIX_PATH=/opt/ros/humble /usr/bin/cmake --install /home/lactosenjoyer/cam_cpp/build/examples_rclcpp_multithreaded_executor
