[0.036s] Invoking command in '/home/lactosenjoyer/cam_cpp/build/cam_cpp': CMAKE_PREFIX_PATH=/opt/ros/humble /usr/bin/cmake --build /home/lactosenjoyer/cam_cpp/build/cam_cpp -- -j4 -l4
[0.231s] [ 50%] Built target imgSub
[0.279s] [100%] Built target imgPub
[0.327s] Invoked command in '/home/lactosenjoyer/cam_cpp/build/cam_cpp' returned '0': CMAKE_PREFIX_PATH=/opt/ros/humble /usr/bin/cmake --build /home/lactosenjoyer/cam_cpp/build/cam_cpp -- -j4 -l4
[0.330s] Invoking command in '/home/lactosenjoyer/cam_cpp/build/cam_cpp': CMAKE_PREFIX_PATH=/opt/ros/humble /usr/bin/cmake --install /home/lactosenjoyer/cam_cpp/build/cam_cpp
[0.352s] -- Install configuration: ""
[0.354s] -- Execute custom install script
[0.354s] -- Up-to-date symlink: /home/lactosenjoyer/cam_cpp/install/cam_cpp/lib/cam_cpp/imgPub
[0.354s] -- Up-to-date symlink: /home/lactosenjoyer/cam_cpp/install/cam_cpp/lib/cam_cpp/imgSub
[0.355s] -- Up-to-date symlink: /home/lactosenjoyer/cam_cpp/install/cam_cpp/share/cam_cpp/launch/cam_launch.py
[0.355s] -- Up-to-date symlink: /home/lactosenjoyer/cam_cpp/install/cam_cpp/share/ament_index/resource_index/package_run_dependencies/cam_cpp
[0.355s] -- Up-to-date symlink: /home/lactosenjoyer/cam_cpp/install/cam_cpp/share/ament_index/resource_index/parent_prefix_path/cam_cpp
[0.355s] -- Up-to-date symlink: /home/lactosenjoyer/cam_cpp/install/cam_cpp/share/cam_cpp/environment/ament_prefix_path.sh
[0.356s] -- Up-to-date symlink: /home/lactosenjoyer/cam_cpp/install/cam_cpp/share/cam_cpp/environment/ament_prefix_path.dsv
[0.356s] -- Up-to-date symlink: /home/lactosenjoyer/cam_cpp/install/cam_cpp/share/cam_cpp/environment/path.sh
[0.356s] -- Up-to-date symlink: /home/lactosenjoyer/cam_cpp/install/cam_cpp/share/cam_cpp/environment/path.dsv
[0.356s] -- Up-to-date symlink: /home/lactosenjoyer/cam_cpp/install/cam_cpp/share/cam_cpp/local_setup.bash
[0.356s] -- Up-to-date symlink: /home/lactosenjoyer/cam_cpp/install/cam_cpp/share/cam_cpp/local_setup.sh
[0.357s] -- Up-to-date symlink: /home/lactosenjoyer/cam_cpp/install/cam_cpp/share/cam_cpp/local_setup.zsh
[0.357s] -- Up-to-date symlink: /home/lactosenjoyer/cam_cpp/install/cam_cpp/share/cam_cpp/local_setup.dsv
[0.357s] -- Symlinking: /home/lactosenjoyer/cam_cpp/install/cam_cpp/share/cam_cpp/package.dsv
[0.377s] -- Up-to-date symlink: /home/lactosenjoyer/cam_cpp/install/cam_cpp/share/ament_index/resource_index/packages/cam_cpp
[0.378s] -- Up-to-date symlink: /home/lactosenjoyer/cam_cpp/install/cam_cpp/share/cam_cpp/cmake/cam_cppConfig.cmake
[0.378s] -- Up-to-date symlink: /home/lactosenjoyer/cam_cpp/install/cam_cpp/share/cam_cpp/cmake/cam_cppConfig-version.cmake
[0.378s] -- Up-to-date symlink: /home/lactosenjoyer/cam_cpp/install/cam_cpp/share/cam_cpp/package.xml
[0.463s] Invoked command in '/home/lactosenjoyer/cam_cpp/build/cam_cpp' returned '0': CMAKE_PREFIX_PATH=/opt/ros/humble /usr/bin/cmake --install /home/lactosenjoyer/cam_cpp/build/cam_cpp
