[0.028s] Invoking command in '/home/lactosenjoyer/cam_cpp/build/examples_rclcpp_minimal_publisher': CMAKE_PREFIX_PATH=/opt/ros/humble /usr/bin/cmake /home/lactosenjoyer/cam_cpp/src/rclcpp/topics/minimal_publisher -DAMENT_CMAKE_SYMLINK_INSTALL=1 -DCMAKE_INSTALL_PREFIX=/home/lactosenjoyer/cam_cpp/install/examples_rclcpp_minimal_publisher
[0.177s] -- The C compiler identification is GNU 11.4.0
[0.335s] -- The CXX compiler identification is GNU 11.4.0
[0.353s] -- Detecting C compiler ABI info
[0.542s] -- Detecting C compiler ABI info - done
[0.570s] -- Check for working C compiler: /usr/bin/cc - skipped
[0.571s] -- Detecting C compile features
[0.571s] -- Detecting C compile features - done
[0.576s] -- Detecting CXX compiler ABI info
[0.877s] -- Detecting CXX compiler ABI info - done
[0.900s] -- Check for working CXX compiler: /usr/bin/c++ - skipped
[0.901s] -- Detecting CXX compile features
[0.903s] -- Detecting CXX compile features - done
[0.908s] -- Found ament_cmake: 1.3.13 (/opt/ros/humble/share/ament_cmake/cmake)
[1.370s] -- Found Python3: /usr/bin/python3 (found version "3.10.12") found components: Interpreter 
[1.581s] -- Override CMake install command with custom implementation using symlinks instead of copying resources
[1.658s] -- Found rclcpp: 16.0.18 (/opt/ros/humble/share/rclcpp/cmake)
[1.767s] -- Found rosidl_generator_c: 3.1.8 (/opt/ros/humble/share/rosidl_generator_c/cmake)
[1.780s] -- Found rosidl_adapter: 3.1.8 (/opt/ros/humble/share/rosidl_adapter/cmake)
[1.803s] -- Found rosidl_generator_cpp: 3.1.8 (/opt/ros/humble/share/rosidl_generator_cpp/cmake)
[1.845s] -- Using all available rosidl_typesupport_c: rosidl_typesupport_fastrtps_c;rosidl_typesupport_introspection_c
[1.887s] -- Using all available rosidl_typesupport_cpp: rosidl_typesupport_fastrtps_cpp;rosidl_typesupport_introspection_cpp
[2.027s] -- Found rmw_implementation_cmake: 6.1.2 (/opt/ros/humble/share/rmw_implementation_cmake/cmake)
[2.030s] -- Found rmw_fastrtps_cpp: 6.2.10 (/opt/ros/humble/share/rmw_fastrtps_cpp/cmake)
[2.260s] -- Found OpenSSL: /usr/lib/x86_64-linux-gnu/libcrypto.so (found version "3.0.2")  
[2.338s] -- Found FastRTPS: /opt/ros/humble/include  
[2.444s] -- Using RMW implementation 'rmw_fastrtps_cpp' as default
[2.463s] -- Looking for pthread.h
[2.649s] -- Looking for pthread.h - found
[2.651s] -- Performing Test CMAKE_HAVE_LIBC_PTHREAD
[2.826s] -- Performing Test CMAKE_HAVE_LIBC_PTHREAD - Success
[2.832s] -- Found Threads: TRUE  
[2.957s] -- Found ament_lint_auto: 0.12.15 (/opt/ros/humble/share/ament_lint_auto/cmake)
[3.100s] -- Added test 'copyright' to check source files copyright and LICENSE
[3.102s] -- Added test 'cppcheck' to perform static code analysis on C / C++ code
[3.102s] -- Configured cppcheck include dirs: 
[3.103s] -- Configured cppcheck exclude dirs and/or files: 
[3.104s] -- Added test 'cpplint' to check C / C++ code against the Google style
[3.104s] -- Configured cpplint exclude dirs and/or files: 
[3.105s] -- Added test 'lint_cmake' to check CMake code style
[3.108s] -- Added test 'uncrustify' to check C / C++ code style
[3.108s] -- Configured uncrustify additional arguments: 
[3.114s] -- Added test 'xmllint' to check XML markup files
[3.117s] -- Configuring done
[3.156s] -- Generating done
[3.171s] -- Build files have been written to: /home/lactosenjoyer/cam_cpp/build/examples_rclcpp_minimal_publisher
