[0.060s] Invoking command in '/home/lactosenjoyer/cam_cpp/build/examples_rclcpp_wait_set': CMAKE_PREFIX_PATH=/opt/ros/humble /usr/bin/cmake --build /home/lactosenjoyer/cam_cpp/build/examples_rclcpp_wait_set -- -j4 -l4
[0.179s] [35m[1mConsolidate compiler generated dependencies of target wait_set_talker[0m
[0.211s] [35m[1mConsolidate compiler generated dependencies of target talker[0m
[0.242s] [35m[1mConsolidate compiler generated dependencies of target wait_set_listener[0m
[0.242s] [35m[1mConsolidate compiler generated dependencies of target listener[0m
[0.278s] [  8%] Built target wait_set_talker
[0.314s] [ 16%] Built target wait_set_listener
[0.325s] [ 25%] Built target talker
[0.326s] [ 33%] Built target listener
[0.346s] [35m[1mConsolidate compiler generated dependencies of target wait_set[0m
[0.351s] [35m[1mConsolidate compiler generated dependencies of target wait_set_topics_and_timer[0m
[0.352s] [35m[1mConsolidate compiler generated dependencies of target thread_safe_wait_set[0m
[0.378s] [35m[1mConsolidate compiler generated dependencies of target static_wait_set[0m
[0.424s] [ 41%] Built target thread_safe_wait_set
[0.434s] [ 58%] Built target wait_set
[0.434s] [ 58%] Built target wait_set_topics_and_timer
[0.441s] [ 66%] Built target static_wait_set
[0.455s] [35m[1mConsolidate compiler generated dependencies of target wait_set_random_order[0m
[0.480s] [35m[1mConsolidate compiler generated dependencies of target wait_set_topics_with_different_rates[0m
[0.495s] [35m[1mConsolidate compiler generated dependencies of target executor_random_order[0m
[0.496s] [35m[1mConsolidate compiler generated dependencies of target wait_set_composed[0m
[0.537s] [ 75%] Built target wait_set_random_order
[0.540s] [ 83%] Built target wait_set_topics_with_different_rates
[0.561s] [ 91%] Built target executor_random_order
[0.561s] [100%] Built target wait_set_composed
[0.586s] Invoked command in '/home/lactosenjoyer/cam_cpp/build/examples_rclcpp_wait_set' returned '0': CMAKE_PREFIX_PATH=/opt/ros/humble /usr/bin/cmake --build /home/lactosenjoyer/cam_cpp/build/examples_rclcpp_wait_set -- -j4 -l4
[0.589s] Invoking command in '/home/lactosenjoyer/cam_cpp/build/examples_rclcpp_wait_set': CMAKE_PREFIX_PATH=/opt/ros/humble /usr/bin/cmake --install /home/lactosenjoyer/cam_cpp/build/examples_rclcpp_wait_set
[0.600s] -- Install configuration: ""
[0.606s] -- Execute custom install script
[0.609s] -- Up-to-date symlink: /home/lactosenjoyer/cam_cpp/install/examples_rclcpp_wait_set/lib/examples_rclcpp_wait_set/wait_set_talker
[0.611s] -- Up-to-date symlink: /home/lactosenjoyer/cam_cpp/install/examples_rclcpp_wait_set/lib/examples_rclcpp_wait_set/wait_set_listener
[0.611s] -- Up-to-date symlink: /home/lactosenjoyer/cam_cpp/install/examples_rclcpp_wait_set/lib/libtalker.so
[0.612s] -- Up-to-date symlink: /home/lactosenjoyer/cam_cpp/install/examples_rclcpp_wait_set/lib/liblistener.so
[0.612s] -- Up-to-date symlink: /home/lactosenjoyer/cam_cpp/install/examples_rclcpp_wait_set/lib/examples_rclcpp_wait_set/wait_set
[0.613s] -- Up-to-date symlink: /home/lactosenjoyer/cam_cpp/install/examples_rclcpp_wait_set/lib/examples_rclcpp_wait_set/static_wait_set
[0.613s] -- Up-to-date symlink: /home/lactosenjoyer/cam_cpp/install/examples_rclcpp_wait_set/lib/examples_rclcpp_wait_set/thread_safe_wait_set
[0.614s] -- Up-to-date symlink: /home/lactosenjoyer/cam_cpp/install/examples_rclcpp_wait_set/lib/examples_rclcpp_wait_set/wait_set_topics_and_timer
[0.614s] -- Up-to-date symlink: /home/lactosenjoyer/cam_cpp/install/examples_rclcpp_wait_set/lib/examples_rclcpp_wait_set/wait_set_random_order
[0.614s] -- Up-to-date symlink: /home/lactosenjoyer/cam_cpp/install/examples_rclcpp_wait_set/lib/examples_rclcpp_wait_set/executor_random_order
[0.616s] -- Up-to-date symlink: /home/lactosenjoyer/cam_cpp/install/examples_rclcpp_wait_set/lib/examples_rclcpp_wait_set/wait_set_topics_with_different_rates
[0.619s] -- Up-to-date symlink: /home/lactosenjoyer/cam_cpp/install/examples_rclcpp_wait_set/lib/examples_rclcpp_wait_set/wait_set_composed
[0.622s] -- Up-to-date symlink: /home/lactosenjoyer/cam_cpp/install/examples_rclcpp_wait_set/share/ament_index/resource_index/package_run_dependencies/examples_rclcpp_wait_set
[0.624s] -- Up-to-date symlink: /home/lactosenjoyer/cam_cpp/install/examples_rclcpp_wait_set/share/ament_index/resource_index/parent_prefix_path/examples_rclcpp_wait_set
[0.625s] -- Up-to-date symlink: /home/lactosenjoyer/cam_cpp/install/examples_rclcpp_wait_set/share/examples_rclcpp_wait_set/environment/ament_prefix_path.sh
[0.626s] -- Up-to-date symlink: /home/lactosenjoyer/cam_cpp/install/examples_rclcpp_wait_set/share/examples_rclcpp_wait_set/environment/ament_prefix_path.dsv
[0.626s] -- Up-to-date symlink: /home/lactosenjoyer/cam_cpp/install/examples_rclcpp_wait_set/share/examples_rclcpp_wait_set/environment/path.sh
[0.627s] -- Up-to-date symlink: /home/lactosenjoyer/cam_cpp/install/examples_rclcpp_wait_set/share/examples_rclcpp_wait_set/environment/path.dsv
[0.627s] -- Up-to-date symlink: /home/lactosenjoyer/cam_cpp/install/examples_rclcpp_wait_set/share/examples_rclcpp_wait_set/local_setup.bash
[0.627s] -- Up-to-date symlink: /home/lactosenjoyer/cam_cpp/install/examples_rclcpp_wait_set/share/examples_rclcpp_wait_set/local_setup.sh
[0.628s] -- Up-to-date symlink: /home/lactosenjoyer/cam_cpp/install/examples_rclcpp_wait_set/share/examples_rclcpp_wait_set/local_setup.zsh
[0.628s] -- Up-to-date symlink: /home/lactosenjoyer/cam_cpp/install/examples_rclcpp_wait_set/share/examples_rclcpp_wait_set/local_setup.dsv
[0.628s] -- Symlinking: /home/lactosenjoyer/cam_cpp/install/examples_rclcpp_wait_set/share/examples_rclcpp_wait_set/package.dsv
[0.642s] -- Up-to-date symlink: /home/lactosenjoyer/cam_cpp/install/examples_rclcpp_wait_set/share/ament_index/resource_index/packages/examples_rclcpp_wait_set
[0.642s] -- Up-to-date symlink: /home/lactosenjoyer/cam_cpp/install/examples_rclcpp_wait_set/share/ament_index/resource_index/rclcpp_components/examples_rclcpp_wait_set
[0.642s] -- Up-to-date symlink: /home/lactosenjoyer/cam_cpp/install/examples_rclcpp_wait_set/share/examples_rclcpp_wait_set/cmake/examples_rclcpp_wait_setConfig.cmake
[0.643s] -- Up-to-date symlink: /home/lactosenjoyer/cam_cpp/install/examples_rclcpp_wait_set/share/examples_rclcpp_wait_set/cmake/examples_rclcpp_wait_setConfig-version.cmake
[0.643s] -- Up-to-date symlink: /home/lactosenjoyer/cam_cpp/install/examples_rclcpp_wait_set/share/examples_rclcpp_wait_set/package.xml
[0.647s] Invoked command in '/home/lactosenjoyer/cam_cpp/build/examples_rclcpp_wait_set' returned '0': CMAKE_PREFIX_PATH=/opt/ros/humble /usr/bin/cmake --install /home/lactosenjoyer/cam_cpp/build/examples_rclcpp_wait_set
