[0.035s] Invoking command in '/home/lactosenjoyer/cam_cpp/build/examples_rclcpp_minimal_client': CMAKE_PREFIX_PATH=/opt/ros/humble /usr/bin/cmake /home/lactosenjoyer/cam_cpp/src/rclcpp/services/minimal_client -DAMENT_CMAKE_SYMLINK_INSTALL=1 -DCMAKE_INSTALL_PREFIX=/home/lactosenjoyer/cam_cpp/install/examples_rclcpp_minimal_client
[0.175s] -- The C compiler identification is GNU 11.4.0
[0.340s] -- The CXX compiler identification is GNU 11.4.0
[0.359s] -- Detecting C compiler ABI info
[0.552s] -- Detecting C compiler ABI info - done
[0.575s] -- Check for working C compiler: /usr/bin/cc - skipped
[0.577s] -- Detecting C compile features
[0.577s] -- Detecting C compile features - done
[0.585s] -- Detecting CXX compiler ABI info
[0.800s] -- Detecting CXX compiler ABI info - done
[0.838s] -- Check for working CXX compiler: /usr/bin/c++ - skipped
[0.839s] -- Detecting CXX compile features
[0.841s] -- Detecting CXX compile features - done
[0.847s] -- Found ament_cmake: 1.3.13 (/opt/ros/humble/share/ament_cmake/cmake)
[1.373s] -- Found Python3: /usr/bin/python3 (found version "3.10.12") found components: Interpreter 
[1.590s] -- Override CMake install command with custom implementation using symlinks instead of copying resources
[1.667s] -- Found example_interfaces: 0.9.3 (/opt/ros/humble/share/example_interfaces/cmake)
[1.777s] -- Found rosidl_generator_c: 3.1.8 (/opt/ros/humble/share/rosidl_generator_c/cmake)
[1.788s] -- Found rosidl_adapter: 3.1.8 (/opt/ros/humble/share/rosidl_adapter/cmake)
[1.818s] -- Found rosidl_generator_cpp: 3.1.8 (/opt/ros/humble/share/rosidl_generator_cpp/cmake)
[1.865s] -- Using all available rosidl_typesupport_c: rosidl_typesupport_fastrtps_c;rosidl_typesupport_introspection_c
[1.920s] -- Using all available rosidl_typesupport_cpp: rosidl_typesupport_fastrtps_cpp;rosidl_typesupport_introspection_cpp
[2.103s] -- Found rclcpp: 16.0.18 (/opt/ros/humble/share/rclcpp/cmake)
[2.210s] -- Found rmw_implementation_cmake: 6.1.2 (/opt/ros/humble/share/rmw_implementation_cmake/cmake)
[2.216s] -- Found rmw_fastrtps_cpp: 6.2.10 (/opt/ros/humble/share/rmw_fastrtps_cpp/cmake)
[2.448s] -- Found OpenSSL: /usr/lib/x86_64-linux-gnu/libcrypto.so (found version "3.0.2")  
[2.531s] -- Found FastRTPS: /opt/ros/humble/include  
[2.664s] -- Using RMW implementation 'rmw_fastrtps_cpp' as default
[2.684s] -- Looking for pthread.h
[2.867s] -- Looking for pthread.h - found
[2.870s] -- Performing Test CMAKE_HAVE_LIBC_PTHREAD
[3.051s] -- Performing Test CMAKE_HAVE_LIBC_PTHREAD - Success
[3.053s] -- Found Threads: TRUE  
[3.209s] -- Found ament_lint_auto: 0.12.15 (/opt/ros/humble/share/ament_lint_auto/cmake)
[3.417s] -- Added test 'copyright' to check source files copyright and LICENSE
[3.419s] -- Added test 'cppcheck' to perform static code analysis on C / C++ code
[3.419s] -- Configured cppcheck include dirs: 
[3.420s] -- Configured cppcheck exclude dirs and/or files: 
[3.421s] -- Added test 'cpplint' to check C / C++ code against the Google style
[3.421s] -- Configured cpplint exclude dirs and/or files: 
[3.422s] -- Added test 'lint_cmake' to check CMake code style
[3.424s] -- Added test 'uncrustify' to check C / C++ code style
[3.424s] -- Configured uncrustify additional arguments: 
[3.425s] -- Added test 'xmllint' to check XML markup files
[3.428s] -- Configuring done
[3.460s] -- Generating done
[3.471s] -- Build files have been written to: /home/lactosenjoyer/cam_cpp/build/examples_rclcpp_minimal_client
