[0.086s] Invoking command in '/home/lactosenjoyer/cam_cpp/build/examples_rclcpp_minimal_timer': CMAKE_PREFIX_PATH=/opt/ros/humble /usr/bin/cmake /home/lactosenjoyer/cam_cpp/src/rclcpp/timers/minimal_timer -DAMENT_CMAKE_SYMLINK_INSTALL=1 -DCMAKE_INSTALL_PREFIX=/home/lactosenjoyer/cam_cpp/install/examples_rclcpp_minimal_timer
[0.254s] -- The C compiler identification is GNU 11.4.0
[0.424s] -- The CXX compiler identification is GNU 11.4.0
[0.440s] -- Detecting C compiler ABI info
[0.617s] -- Detecting C compiler ABI info - done
[0.644s] -- Check for working C compiler: /usr/bin/cc - skipped
[0.644s] -- Detecting C compile features
[0.644s] -- Detecting C compile features - done
[0.656s] -- Detecting CXX compiler ABI info
[0.862s] -- Detecting CXX compiler ABI info - done
[0.896s] -- Check for working CXX compiler: /usr/bin/c++ - skipped
[0.896s] -- Detecting CXX compile features
[0.897s] -- Detecting CXX compile features - done
[0.902s] -- Found ament_cmake: 1.3.13 (/opt/ros/humble/share/ament_cmake/cmake)
[1.342s] -- Found Python3: /usr/bin/python3 (found version "3.10.12") found components: Interpreter 
[1.537s] -- Override CMake install command with custom implementation using symlinks instead of copying resources
[1.608s] -- Found rclcpp: 16.0.18 (/opt/ros/humble/share/rclcpp/cmake)
[1.731s] -- Found rosidl_generator_c: 3.1.8 (/opt/ros/humble/share/rosidl_generator_c/cmake)
[1.743s] -- Found rosidl_adapter: 3.1.8 (/opt/ros/humble/share/rosidl_adapter/cmake)
[1.766s] -- Found rosidl_generator_cpp: 3.1.8 (/opt/ros/humble/share/rosidl_generator_cpp/cmake)
[1.807s] -- Using all available rosidl_typesupport_c: rosidl_typesupport_fastrtps_c;rosidl_typesupport_introspection_c
[1.851s] -- Using all available rosidl_typesupport_cpp: rosidl_typesupport_fastrtps_cpp;rosidl_typesupport_introspection_cpp
[2.003s] -- Found rmw_implementation_cmake: 6.1.2 (/opt/ros/humble/share/rmw_implementation_cmake/cmake)
[2.011s] -- Found rmw_fastrtps_cpp: 6.2.10 (/opt/ros/humble/share/rmw_fastrtps_cpp/cmake)
[2.251s] -- Found OpenSSL: /usr/lib/x86_64-linux-gnu/libcrypto.so (found version "3.0.2")  
[2.333s] -- Found FastRTPS: /opt/ros/humble/include  
[2.464s] -- Using RMW implementation 'rmw_fastrtps_cpp' as default
[2.496s] -- Looking for pthread.h
[2.700s] -- Looking for pthread.h - found
[2.701s] -- Performing Test CMAKE_HAVE_LIBC_PTHREAD
[2.923s] -- Performing Test CMAKE_HAVE_LIBC_PTHREAD - Success
[2.926s] -- Found Threads: TRUE  
[3.114s] -- Found ament_lint_auto: 0.12.15 (/opt/ros/humble/share/ament_lint_auto/cmake)
[3.372s] -- Added test 'copyright' to check source files copyright and LICENSE
[3.375s] -- Added test 'cppcheck' to perform static code analysis on C / C++ code
[3.375s] -- Configured cppcheck include dirs: 
[3.379s] -- Configured cppcheck exclude dirs and/or files: 
[3.379s] -- Added test 'cpplint' to check C / C++ code against the Google style
[3.380s] -- Configured cpplint exclude dirs and/or files: 
[3.383s] -- Added test 'lint_cmake' to check CMake code style
[3.383s] -- Added test 'uncrustify' to check C / C++ code style
[3.384s] -- Configured uncrustify additional arguments: 
[3.384s] -- Added test 'xmllint' to check XML markup files
[3.387s] -- Configuring done
[3.434s] -- Generating done
[3.444s] -- Build files have been written to: /home/lactosenjoyer/cam_cpp/build/examples_rclcpp_minimal_timer
[3.471s] Invoked command in '/home/lactosenjoyer/cam_cpp/build/examples_rclcpp_minimal_timer' returned '0': CMAKE_PREFIX_PATH=/opt/ros/humble /usr/bin/cmake /home/lactosenjoyer/cam_cpp/src/rclcpp/timers/minimal_timer -DAMENT_CMAKE_SYMLINK_INSTALL=1 -DCMAKE_INSTALL_PREFIX=/home/lactosenjoyer/cam_cpp/install/examples_rclcpp_minimal_timer
[3.471s] Invoking command in '/home/lactosenjoyer/cam_cpp/build/examples_rclcpp_minimal_timer': CMAKE_PREFIX_PATH=/opt/ros/humble /usr/bin/cmake --build /home/lactosenjoyer/cam_cpp/build/examples_rclcpp_minimal_timer -- -j4 -l4
[3.591s] [ 25%] [32mBuilding CXX object CMakeFiles/timer_lambda.dir/lambda.cpp.o[0m
[3.627s] [ 50%] [32mBuilding CXX object CMakeFiles/timer_member_function.dir/member_function.cpp.o[0m
[21.097s] [ 75%] [32m[1mLinking CXX executable timer_member_function[0m
[22.162s] [100%] [32m[1mLinking CXX executable timer_lambda[0m
[22.203s] [100%] Built target timer_member_function
[22.791s] [100%] Built target timer_lambda
[22.866s] Invoked command in '/home/lactosenjoyer/cam_cpp/build/examples_rclcpp_minimal_timer' returned '0': CMAKE_PREFIX_PATH=/opt/ros/humble /usr/bin/cmake --build /home/lactosenjoyer/cam_cpp/build/examples_rclcpp_minimal_timer -- -j4 -l4
[22.867s] Invoking command in '/home/lactosenjoyer/cam_cpp/build/examples_rclcpp_minimal_timer': CMAKE_PREFIX_PATH=/opt/ros/humble /usr/bin/cmake --install /home/lactosenjoyer/cam_cpp/build/examples_rclcpp_minimal_timer
[22.900s] -- Install configuration: ""
[22.901s] -- Execute custom install script
[22.901s] -- Symlinking: /home/lactosenjoyer/cam_cpp/install/examples_rclcpp_minimal_timer/lib/examples_rclcpp_minimal_timer/timer_lambda
[22.947s] -- Symlinking: /home/lactosenjoyer/cam_cpp/install/examples_rclcpp_minimal_timer/lib/examples_rclcpp_minimal_timer/timer_member_function
[22.991s] -- Symlinking: /home/lactosenjoyer/cam_cpp/install/examples_rclcpp_minimal_timer/share/ament_index/resource_index/package_run_dependencies/examples_rclcpp_minimal_timer
[23.027s] -- Symlinking: /home/lactosenjoyer/cam_cpp/install/examples_rclcpp_minimal_timer/share/ament_index/resource_index/parent_prefix_path/examples_rclcpp_minimal_timer
[23.046s] -- Symlinking: /home/lactosenjoyer/cam_cpp/install/examples_rclcpp_minimal_timer/share/examples_rclcpp_minimal_timer/environment/ament_prefix_path.sh
[23.067s] -- Symlinking: /home/lactosenjoyer/cam_cpp/install/examples_rclcpp_minimal_timer/share/examples_rclcpp_minimal_timer/environment/ament_prefix_path.dsv
[23.093s] -- Symlinking: /home/lactosenjoyer/cam_cpp/install/examples_rclcpp_minimal_timer/share/examples_rclcpp_minimal_timer/environment/path.sh
[23.129s] -- Symlinking: /home/lactosenjoyer/cam_cpp/install/examples_rclcpp_minimal_timer/share/examples_rclcpp_minimal_timer/environment/path.dsv
[23.149s] -- Symlinking: /home/lactosenjoyer/cam_cpp/install/examples_rclcpp_minimal_timer/share/examples_rclcpp_minimal_timer/local_setup.bash
[23.185s] -- Symlinking: /home/lactosenjoyer/cam_cpp/install/examples_rclcpp_minimal_timer/share/examples_rclcpp_minimal_timer/local_setup.sh
[23.229s] -- Symlinking: /home/lactosenjoyer/cam_cpp/install/examples_rclcpp_minimal_timer/share/examples_rclcpp_minimal_timer/local_setup.zsh
[23.280s] -- Symlinking: /home/lactosenjoyer/cam_cpp/install/examples_rclcpp_minimal_timer/share/examples_rclcpp_minimal_timer/local_setup.dsv
[23.325s] -- Symlinking: /home/lactosenjoyer/cam_cpp/install/examples_rclcpp_minimal_timer/share/examples_rclcpp_minimal_timer/package.dsv
[23.361s] -- Symlinking: /home/lactosenjoyer/cam_cpp/install/examples_rclcpp_minimal_timer/share/ament_index/resource_index/packages/examples_rclcpp_minimal_timer
[23.406s] -- Symlinking: /home/lactosenjoyer/cam_cpp/install/examples_rclcpp_minimal_timer/share/examples_rclcpp_minimal_timer/cmake/examples_rclcpp_minimal_timerConfig.cmake
[23.454s] -- Symlinking: /home/lactosenjoyer/cam_cpp/install/examples_rclcpp_minimal_timer/share/examples_rclcpp_minimal_timer/cmake/examples_rclcpp_minimal_timerConfig-version.cmake
[23.488s] -- Symlinking: /home/lactosenjoyer/cam_cpp/install/examples_rclcpp_minimal_timer/share/examples_rclcpp_minimal_timer/package.xml
[23.535s] Invoked command in '/home/lactosenjoyer/cam_cpp/build/examples_rclcpp_minimal_timer' returned '0': CMAKE_PREFIX_PATH=/opt/ros/humble /usr/bin/cmake --install /home/lactosenjoyer/cam_cpp/build/examples_rclcpp_minimal_timer
