[0.044s] Invoking command in '/home/lactosenjoyer/cam_cpp/build/examples_rclcpp_minimal_action_server': CMAKE_PREFIX_PATH=/opt/ros/humble /usr/bin/cmake /home/lactosenjoyer/cam_cpp/src/rclcpp/actions/minimal_action_server -DAMENT_CMAKE_SYMLINK_INSTALL=1 -DCMAKE_INSTALL_PREFIX=/home/lactosenjoyer/cam_cpp/install/examples_rclcpp_minimal_action_server
[0.280s] -- The C compiler identification is GNU 11.4.0
[0.665s] -- The CXX compiler identification is GNU 11.4.0
[0.719s] -- Detecting C compiler ABI info
[1.134s] -- Detecting C compiler ABI info - done
[1.167s] -- Check for working C compiler: /usr/bin/cc - skipped
[1.167s] -- Detecting C compile features
[1.168s] -- Detecting C compile features - done
[1.176s] -- Detecting CXX compiler ABI info
[1.496s] -- Detecting CXX compiler ABI info - done
[1.541s] -- Check for working CXX compiler: /usr/bin/c++ - skipped
[1.541s] -- Detecting CXX compile features
[1.547s] -- Detecting CXX compile features - done
[1.566s] -- Found ament_cmake: 1.3.13 (/opt/ros/humble/share/ament_cmake/cmake)
[2.105s] -- Found Python3: /usr/bin/python3 (found version "3.10.12") found components: Interpreter 
[2.307s] -- Override CMake install command with custom implementation using symlinks instead of copying resources
[2.390s] -- Found example_interfaces: 0.9.3 (/opt/ros/humble/share/example_interfaces/cmake)
[2.507s] -- Found rosidl_generator_c: 3.1.8 (/opt/ros/humble/share/rosidl_generator_c/cmake)
[2.517s] -- Found rosidl_adapter: 3.1.8 (/opt/ros/humble/share/rosidl_adapter/cmake)
[2.557s] -- Found rosidl_generator_cpp: 3.1.8 (/opt/ros/humble/share/rosidl_generator_cpp/cmake)
[2.591s] -- Using all available rosidl_typesupport_c: rosidl_typesupport_fastrtps_c;rosidl_typesupport_introspection_c
[2.636s] -- Using all available rosidl_typesupport_cpp: rosidl_typesupport_fastrtps_cpp;rosidl_typesupport_introspection_cpp
[2.829s] -- Found rclcpp: 16.0.18 (/opt/ros/humble/share/rclcpp/cmake)
[3.021s] -- Found rmw_implementation_cmake: 6.1.2 (/opt/ros/humble/share/rmw_implementation_cmake/cmake)
[3.035s] -- Found rmw_fastrtps_cpp: 6.2.10 (/opt/ros/humble/share/rmw_fastrtps_cpp/cmake)
[3.457s] -- Found OpenSSL: /usr/lib/x86_64-linux-gnu/libcrypto.so (found version "3.0.2")  
[3.583s] -- Found FastRTPS: /opt/ros/humble/include  
[3.813s] -- Using RMW implementation 'rmw_fastrtps_cpp' as default
[3.837s] -- Looking for pthread.h
[4.242s] -- Looking for pthread.h - found
[4.242s] -- Performing Test CMAKE_HAVE_LIBC_PTHREAD
[4.538s] -- Performing Test CMAKE_HAVE_LIBC_PTHREAD - Success
[4.540s] -- Found Threads: TRUE  
[4.710s] -- Found rclcpp_action: 16.0.18 (/opt/ros/humble/share/rclcpp_action/cmake)
[4.742s] -- Found ament_lint_auto: 0.12.15 (/opt/ros/humble/share/ament_lint_auto/cmake)
[4.973s] -- Added test 'copyright' to check source files copyright and LICENSE
[4.983s] -- Added test 'cppcheck' to perform static code analysis on C / C++ code
[4.985s] -- Configured cppcheck include dirs: 
[4.985s] -- Configured cppcheck exclude dirs and/or files: 
[4.987s] -- Added test 'cpplint' to check C / C++ code against the Google style
[4.988s] -- Configured cpplint exclude dirs and/or files: 
[4.990s] -- Added test 'lint_cmake' to check CMake code style
[4.992s] -- Added test 'uncrustify' to check C / C++ code style
[4.993s] -- Configured uncrustify additional arguments: 
[4.996s] -- Added test 'xmllint' to check XML markup files
[4.998s] -- Configuring done
[5.032s] -- Generating done
[5.046s] -- Build files have been written to: /home/lactosenjoyer/cam_cpp/build/examples_rclcpp_minimal_action_server
[5.088s] Invoked command in '/home/lactosenjoyer/cam_cpp/build/examples_rclcpp_minimal_action_server' returned '0': CMAKE_PREFIX_PATH=/opt/ros/humble /usr/bin/cmake /home/lactosenjoyer/cam_cpp/src/rclcpp/actions/minimal_action_server -DAMENT_CMAKE_SYMLINK_INSTALL=1 -DCMAKE_INSTALL_PREFIX=/home/lactosenjoyer/cam_cpp/install/examples_rclcpp_minimal_action_server
[5.093s] Invoking command in '/home/lactosenjoyer/cam_cpp/build/examples_rclcpp_minimal_action_server': CMAKE_PREFIX_PATH=/opt/ros/humble /usr/bin/cmake --build /home/lactosenjoyer/cam_cpp/build/examples_rclcpp_minimal_action_server -- -j4 -l4
[5.212s] [ 25%] [32mBuilding CXX object CMakeFiles/action_server_member_functions.dir/member_functions.cpp.o[0m
[16.274s] [ 50%] [32m[1mLinking CXX executable action_server_member_functions[0m
[16.936s] [ 50%] Built target action_server_member_functions
[16.977s] [ 75%] [32mBuilding CXX object CMakeFiles/action_server_not_composable.dir/not_composable.cpp.o[0m
[24.716s] [100%] [32m[1mLinking CXX executable action_server_not_composable[0m
[25.096s] [100%] Built target action_server_not_composable
