[0.036s] Invoking command in '/home/lactosenjoyer/cam_cpp/build/examples_rclcpp_cbg_executor': CMAKE_PREFIX_PATH=/opt/ros/humble /usr/bin/cmake --build /home/lactosenjoyer/cam_cpp/build/examples_rclcpp_cbg_executor -- -j4 -l4
[0.279s] [ 70%] Built target ping
[0.280s] [ 70%] Built target ping_pong
[0.280s] [100%] Built target pong
[0.326s] Invoked command in '/home/lactosenjoyer/cam_cpp/build/examples_rclcpp_cbg_executor' returned '0': CMAKE_PREFIX_PATH=/opt/ros/humble /usr/bin/cmake --build /home/lactosenjoyer/cam_cpp/build/examples_rclcpp_cbg_executor -- -j4 -l4
[0.328s] Invoking command in '/home/lactosenjoyer/cam_cpp/build/examples_rclcpp_cbg_executor': CMAKE_PREFIX_PATH=/opt/ros/humble /usr/bin/cmake --install /home/lactosenjoyer/cam_cpp/build/examples_rclcpp_cbg_executor
[0.343s] -- Install configuration: ""
[0.344s] -- Execute custom install script
[0.345s] -- Up-to-date symlink: /home/lactosenjoyer/cam_cpp/install/examples_rclcpp_cbg_executor/lib/examples_rclcpp_cbg_executor/ping
[0.345s] -- Up-to-date symlink: /home/lactosenjoyer/cam_cpp/install/examples_rclcpp_cbg_executor/lib/examples_rclcpp_cbg_executor/pong
[0.346s] -- Up-to-date symlink: /home/lactosenjoyer/cam_cpp/install/examples_rclcpp_cbg_executor/lib/examples_rclcpp_cbg_executor/ping_pong
[0.347s] -- Up-to-date symlink: /home/lactosenjoyer/cam_cpp/install/examples_rclcpp_cbg_executor/include/examples_rclcpp_cbg_executor/ping_node.hpp
[0.347s] -- Up-to-date symlink: /home/lactosenjoyer/cam_cpp/install/examples_rclcpp_cbg_executor/include/examples_rclcpp_cbg_executor/pong_node.hpp
[0.347s] -- Up-to-date symlink: /home/lactosenjoyer/cam_cpp/install/examples_rclcpp_cbg_executor/share/ament_index/resource_index/package_run_dependencies/examples_rclcpp_cbg_executor
[0.348s] -- Up-to-date symlink: /home/lactosenjoyer/cam_cpp/install/examples_rclcpp_cbg_executor/share/ament_index/resource_index/parent_prefix_path/examples_rclcpp_cbg_executor
[0.349s] -- Up-to-date symlink: /home/lactosenjoyer/cam_cpp/install/examples_rclcpp_cbg_executor/share/examples_rclcpp_cbg_executor/environment/ament_prefix_path.sh
[0.350s] -- Up-to-date symlink: /home/lactosenjoyer/cam_cpp/install/examples_rclcpp_cbg_executor/share/examples_rclcpp_cbg_executor/environment/ament_prefix_path.dsv
[0.351s] -- Up-to-date symlink: /home/lactosenjoyer/cam_cpp/install/examples_rclcpp_cbg_executor/share/examples_rclcpp_cbg_executor/environment/path.sh
[0.351s] -- Up-to-date symlink: /home/lactosenjoyer/cam_cpp/install/examples_rclcpp_cbg_executor/share/examples_rclcpp_cbg_executor/environment/path.dsv
[0.351s] -- Up-to-date symlink: /home/lactosenjoyer/cam_cpp/install/examples_rclcpp_cbg_executor/share/examples_rclcpp_cbg_executor/local_setup.bash
[0.352s] -- Up-to-date symlink: /home/lactosenjoyer/cam_cpp/install/examples_rclcpp_cbg_executor/share/examples_rclcpp_cbg_executor/local_setup.sh
[0.352s] -- Up-to-date symlink: /home/lactosenjoyer/cam_cpp/install/examples_rclcpp_cbg_executor/share/examples_rclcpp_cbg_executor/local_setup.zsh
[0.352s] -- Up-to-date symlink: /home/lactosenjoyer/cam_cpp/install/examples_rclcpp_cbg_executor/share/examples_rclcpp_cbg_executor/local_setup.dsv
[0.352s] -- Symlinking: /home/lactosenjoyer/cam_cpp/install/examples_rclcpp_cbg_executor/share/examples_rclcpp_cbg_executor/package.dsv
[0.373s] -- Up-to-date symlink: /home/lactosenjoyer/cam_cpp/install/examples_rclcpp_cbg_executor/share/ament_index/resource_index/packages/examples_rclcpp_cbg_executor
[0.374s] -- Up-to-date symlink: /home/lactosenjoyer/cam_cpp/install/examples_rclcpp_cbg_executor/share/examples_rclcpp_cbg_executor/cmake/ament_cmake_export_dependencies-extras.cmake
[0.374s] -- Up-to-date symlink: /home/lactosenjoyer/cam_cpp/install/examples_rclcpp_cbg_executor/share/examples_rclcpp_cbg_executor/cmake/examples_rclcpp_cbg_executorConfig.cmake
[0.374s] -- Up-to-date symlink: /home/lactosenjoyer/cam_cpp/install/examples_rclcpp_cbg_executor/share/examples_rclcpp_cbg_executor/cmake/examples_rclcpp_cbg_executorConfig-version.cmake
[0.374s] -- Up-to-date symlink: /home/lactosenjoyer/cam_cpp/install/examples_rclcpp_cbg_executor/share/examples_rclcpp_cbg_executor/package.xml
[0.409s] Invoked command in '/home/lactosenjoyer/cam_cpp/build/examples_rclcpp_cbg_executor' returned '0': CMAKE_PREFIX_PATH=/opt/ros/humble /usr/bin/cmake --install /home/lactosenjoyer/cam_cpp/build/examples_rclcpp_cbg_executor
