[0.027s] Invoking command in '/home/lactosenjoyer/cam_cpp/build/examples_rclcpp_async_client': CMAKE_PREFIX_PATH=/opt/ros/humble /usr/bin/cmake /home/lactosenjoyer/cam_cpp/src/rclcpp/services/async_client -DAMENT_CMAKE_SYMLINK_INSTALL=1 -DCMAKE_INSTALL_PREFIX=/home/lactosenjoyer/cam_cpp/install/examples_rclcpp_async_client
[0.229s] -- The C compiler identification is GNU 11.4.0
[0.383s] -- The CXX compiler identification is GNU 11.4.0
[0.402s] -- Detecting C compiler ABI info
[0.578s] -- Detecting C compiler ABI info - done
[0.601s] -- Check for working C compiler: /usr/bin/cc - skipped
[0.602s] -- Detecting C compile features
[0.609s] -- Detecting C compile features - done
[0.614s] -- Detecting CXX compiler ABI info
[0.820s] -- Detecting CXX compiler ABI info - done
[0.845s] -- Check for working CXX compiler: /usr/bin/c++ - skipped
[0.849s] -- Detecting CXX compile features
[0.856s] -- Detecting CXX compile features - done
[0.861s] -- Found ament_cmake: 1.3.13 (/opt/ros/humble/share/ament_cmake/cmake)
[1.281s] -- Found Python3: /usr/bin/python3 (found version "3.10.12") found components: Interpreter 
[1.463s] -- Override CMake install command with custom implementation using symlinks instead of copying resources
[1.525s] -- Found example_interfaces: 0.9.3 (/opt/ros/humble/share/example_interfaces/cmake)
[1.629s] -- Found rosidl_generator_c: 3.1.8 (/opt/ros/humble/share/rosidl_generator_c/cmake)
[1.654s] -- Found rosidl_adapter: 3.1.8 (/opt/ros/humble/share/rosidl_adapter/cmake)
[1.678s] -- Found rosidl_generator_cpp: 3.1.8 (/opt/ros/humble/share/rosidl_generator_cpp/cmake)
[1.714s] -- Using all available rosidl_typesupport_c: rosidl_typesupport_fastrtps_c;rosidl_typesupport_introspection_c
[1.768s] -- Using all available rosidl_typesupport_cpp: rosidl_typesupport_fastrtps_cpp;rosidl_typesupport_introspection_cpp
[1.966s] -- Found rclcpp: 16.0.18 (/opt/ros/humble/share/rclcpp/cmake)
[2.091s] -- Found rmw_implementation_cmake: 6.1.2 (/opt/ros/humble/share/rmw_implementation_cmake/cmake)
[2.097s] -- Found rmw_fastrtps_cpp: 6.2.10 (/opt/ros/humble/share/rmw_fastrtps_cpp/cmake)
[2.350s] -- Found OpenSSL: /usr/lib/x86_64-linux-gnu/libcrypto.so (found version "3.0.2")  
[2.428s] -- Found FastRTPS: /opt/ros/humble/include  
[2.587s] -- Using RMW implementation 'rmw_fastrtps_cpp' as default
[2.611s] -- Looking for pthread.h
[2.817s] -- Looking for pthread.h - found
[2.821s] -- Performing Test CMAKE_HAVE_LIBC_PTHREAD
[3.002s] -- Performing Test CMAKE_HAVE_LIBC_PTHREAD - Success
[3.004s] -- Found Threads: TRUE  
[3.173s] -- Found ament_lint_auto: 0.12.15 (/opt/ros/humble/share/ament_lint_auto/cmake)
[3.409s] -- Added test 'copyright' to check source files copyright and LICENSE
[3.411s] -- Added test 'cppcheck' to perform static code analysis on C / C++ code
[3.412s] -- Configured cppcheck include dirs: 
[3.412s] -- Configured cppcheck exclude dirs and/or files: 
[3.414s] -- Added test 'cpplint' to check C / C++ code against the Google style
[3.415s] -- Configured cpplint exclude dirs and/or files: 
[3.417s] -- Added test 'lint_cmake' to check CMake code style
[3.420s] -- Added test 'uncrustify' to check C / C++ code style
[3.420s] -- Configured uncrustify additional arguments: 
[3.423s] -- Added test 'xmllint' to check XML markup files
[3.432s] -- Configuring done
[3.495s] -- Generating done
[3.506s] -- Build files have been written to: /home/lactosenjoyer/cam_cpp/build/examples_rclcpp_async_client
[3.529s] Invoked command in '/home/lactosenjoyer/cam_cpp/build/examples_rclcpp_async_client' returned '0': CMAKE_PREFIX_PATH=/opt/ros/humble /usr/bin/cmake /home/lactosenjoyer/cam_cpp/src/rclcpp/services/async_client -DAMENT_CMAKE_SYMLINK_INSTALL=1 -DCMAKE_INSTALL_PREFIX=/home/lactosenjoyer/cam_cpp/install/examples_rclcpp_async_client
[3.536s] Invoking command in '/home/lactosenjoyer/cam_cpp/build/examples_rclcpp_async_client': CMAKE_PREFIX_PATH=/opt/ros/humble /usr/bin/cmake --build /home/lactosenjoyer/cam_cpp/build/examples_rclcpp_async_client -- -j4 -l4
[3.798s] [ 50%] [32mBuilding CXX object CMakeFiles/client_main.dir/main.cpp.o[0m
[31.839s] [100%] [32m[1mLinking CXX executable client_main[0m
[32.792s] [100%] Built target client_main
[32.852s] Invoked command in '/home/lactosenjoyer/cam_cpp/build/examples_rclcpp_async_client' returned '0': CMAKE_PREFIX_PATH=/opt/ros/humble /usr/bin/cmake --build /home/lactosenjoyer/cam_cpp/build/examples_rclcpp_async_client -- -j4 -l4
[32.894s] Invoking command in '/home/lactosenjoyer/cam_cpp/build/examples_rclcpp_async_client': CMAKE_PREFIX_PATH=/opt/ros/humble /usr/bin/cmake --install /home/lactosenjoyer/cam_cpp/build/examples_rclcpp_async_client
[32.932s] -- Install configuration: ""
[32.932s] -- Execute custom install script
[32.935s] -- Symlinking: /home/lactosenjoyer/cam_cpp/install/examples_rclcpp_async_client/lib/examples_rclcpp_async_client/client_main
[32.975s] -- Symlinking: /home/lactosenjoyer/cam_cpp/install/examples_rclcpp_async_client/share/ament_index/resource_index/package_run_dependencies/examples_rclcpp_async_client
[33.014s] -- Symlinking: /home/lactosenjoyer/cam_cpp/install/examples_rclcpp_async_client/share/ament_index/resource_index/parent_prefix_path/examples_rclcpp_async_client
[33.058s] -- Symlinking: /home/lactosenjoyer/cam_cpp/install/examples_rclcpp_async_client/share/examples_rclcpp_async_client/environment/ament_prefix_path.sh
[33.114s] -- Symlinking: /home/lactosenjoyer/cam_cpp/install/examples_rclcpp_async_client/share/examples_rclcpp_async_client/environment/ament_prefix_path.dsv
[33.159s] -- Symlinking: /home/lactosenjoyer/cam_cpp/install/examples_rclcpp_async_client/share/examples_rclcpp_async_client/environment/path.sh
[33.198s] -- Symlinking: /home/lactosenjoyer/cam_cpp/install/examples_rclcpp_async_client/share/examples_rclcpp_async_client/environment/path.dsv
[33.234s] -- Symlinking: /home/lactosenjoyer/cam_cpp/install/examples_rclcpp_async_client/share/examples_rclcpp_async_client/local_setup.bash
[33.269s] -- Symlinking: /home/lactosenjoyer/cam_cpp/install/examples_rclcpp_async_client/share/examples_rclcpp_async_client/local_setup.sh
[33.289s] -- Symlinking: /home/lactosenjoyer/cam_cpp/install/examples_rclcpp_async_client/share/examples_rclcpp_async_client/local_setup.zsh
[33.307s] -- Symlinking: /home/lactosenjoyer/cam_cpp/install/examples_rclcpp_async_client/share/examples_rclcpp_async_client/local_setup.dsv
[33.326s] -- Symlinking: /home/lactosenjoyer/cam_cpp/install/examples_rclcpp_async_client/share/examples_rclcpp_async_client/package.dsv
[33.355s] -- Symlinking: /home/lactosenjoyer/cam_cpp/install/examples_rclcpp_async_client/share/ament_index/resource_index/packages/examples_rclcpp_async_client
[33.380s] -- Symlinking: /home/lactosenjoyer/cam_cpp/install/examples_rclcpp_async_client/share/examples_rclcpp_async_client/cmake/examples_rclcpp_async_clientConfig.cmake
[33.412s] -- Symlinking: /home/lactosenjoyer/cam_cpp/install/examples_rclcpp_async_client/share/examples_rclcpp_async_client/cmake/examples_rclcpp_async_clientConfig-version.cmake
[33.463s] -- Symlinking: /home/lactosenjoyer/cam_cpp/install/examples_rclcpp_async_client/share/examples_rclcpp_async_client/package.xml
[33.531s] Invoked command in '/home/lactosenjoyer/cam_cpp/build/examples_rclcpp_async_client' returned '0': CMAKE_PREFIX_PATH=/opt/ros/humble /usr/bin/cmake --install /home/lactosenjoyer/cam_cpp/build/examples_rclcpp_async_client
