[0.022s] Invoking command in '/home/lactosenjoyer/cam_cpp/build/examples_rclcpp_minimal_action_client': CMAKE_PREFIX_PATH=/opt/ros/humble /usr/bin/cmake --build /home/lactosenjoyer/cam_cpp/build/examples_rclcpp_minimal_action_client -- -j4 -l4
[0.232s] [ 25%] Built target action_client_member_functions
[0.240s] [ 75%] Built target action_client_not_composable_with_feedback
[0.241s] [ 75%] Built target action_client_not_composable_with_cancel
[0.242s] [100%] Built target action_client_not_composable
[0.280s] Invoked command in '/home/lactosenjoyer/cam_cpp/build/examples_rclcpp_minimal_action_client' returned '0': CMAKE_PREFIX_PATH=/opt/ros/humble /usr/bin/cmake --build /home/lactosenjoyer/cam_cpp/build/examples_rclcpp_minimal_action_client -- -j4 -l4
[0.281s] Invoking command in '/home/lactosenjoyer/cam_cpp/build/examples_rclcpp_minimal_action_client': CMAKE_PREFIX_PATH=/opt/ros/humble /usr/bin/cmake --install /home/lactosenjoyer/cam_cpp/build/examples_rclcpp_minimal_action_client
[0.325s] -- Install configuration: ""
[0.326s] -- Execute custom install script
[0.329s] -- Up-to-date symlink: /home/lactosenjoyer/cam_cpp/install/examples_rclcpp_minimal_action_client/lib/examples_rclcpp_minimal_action_client/action_client_member_functions
[0.329s] -- Up-to-date symlink: /home/lactosenjoyer/cam_cpp/install/examples_rclcpp_minimal_action_client/lib/examples_rclcpp_minimal_action_client/action_client_not_composable
[0.330s] -- Up-to-date symlink: /home/lactosenjoyer/cam_cpp/install/examples_rclcpp_minimal_action_client/lib/examples_rclcpp_minimal_action_client/action_client_not_composable_with_cancel
[0.330s] -- Up-to-date symlink: /home/lactosenjoyer/cam_cpp/install/examples_rclcpp_minimal_action_client/lib/examples_rclcpp_minimal_action_client/action_client_not_composable_with_feedback
[0.330s] -- Up-to-date symlink: /home/lactosenjoyer/cam_cpp/install/examples_rclcpp_minimal_action_client/share/ament_index/resource_index/package_run_dependencies/examples_rclcpp_minimal_action_client
[0.331s] -- Up-to-date symlink: /home/lactosenjoyer/cam_cpp/install/examples_rclcpp_minimal_action_client/share/ament_index/resource_index/parent_prefix_path/examples_rclcpp_minimal_action_client
[0.332s] -- Up-to-date symlink: /home/lactosenjoyer/cam_cpp/install/examples_rclcpp_minimal_action_client/share/examples_rclcpp_minimal_action_client/environment/ament_prefix_path.sh
[0.333s] -- Up-to-date symlink: /home/lactosenjoyer/cam_cpp/install/examples_rclcpp_minimal_action_client/share/examples_rclcpp_minimal_action_client/environment/ament_prefix_path.dsv
[0.334s] -- Up-to-date symlink: /home/lactosenjoyer/cam_cpp/install/examples_rclcpp_minimal_action_client/share/examples_rclcpp_minimal_action_client/environment/path.sh
[0.335s] -- Up-to-date symlink: /home/lactosenjoyer/cam_cpp/install/examples_rclcpp_minimal_action_client/share/examples_rclcpp_minimal_action_client/environment/path.dsv
[0.335s] -- Up-to-date symlink: /home/lactosenjoyer/cam_cpp/install/examples_rclcpp_minimal_action_client/share/examples_rclcpp_minimal_action_client/local_setup.bash
[0.336s] -- Up-to-date symlink: /home/lactosenjoyer/cam_cpp/install/examples_rclcpp_minimal_action_client/share/examples_rclcpp_minimal_action_client/local_setup.sh
[0.337s] -- Up-to-date symlink: /home/lactosenjoyer/cam_cpp/install/examples_rclcpp_minimal_action_client/share/examples_rclcpp_minimal_action_client/local_setup.zsh
[0.338s] -- Up-to-date symlink: /home/lactosenjoyer/cam_cpp/install/examples_rclcpp_minimal_action_client/share/examples_rclcpp_minimal_action_client/local_setup.dsv
[0.338s] -- Symlinking: /home/lactosenjoyer/cam_cpp/install/examples_rclcpp_minimal_action_client/share/examples_rclcpp_minimal_action_client/package.dsv
[0.378s] -- Up-to-date symlink: /home/lactosenjoyer/cam_cpp/install/examples_rclcpp_minimal_action_client/share/ament_index/resource_index/packages/examples_rclcpp_minimal_action_client
[0.379s] -- Up-to-date symlink: /home/lactosenjoyer/cam_cpp/install/examples_rclcpp_minimal_action_client/share/examples_rclcpp_minimal_action_client/cmake/examples_rclcpp_minimal_action_clientConfig.cmake
[0.380s] -- Up-to-date symlink: /home/lactosenjoyer/cam_cpp/install/examples_rclcpp_minimal_action_client/share/examples_rclcpp_minimal_action_client/cmake/examples_rclcpp_minimal_action_clientConfig-version.cmake
[0.382s] -- Up-to-date symlink: /home/lactosenjoyer/cam_cpp/install/examples_rclcpp_minimal_action_client/share/examples_rclcpp_minimal_action_client/package.xml
[0.396s] Invoked command in '/home/lactosenjoyer/cam_cpp/build/examples_rclcpp_minimal_action_client' returned '0': CMAKE_PREFIX_PATH=/opt/ros/humble /usr/bin/cmake --install /home/lactosenjoyer/cam_cpp/build/examples_rclcpp_minimal_action_client
