[0.040s] Invoking command in '/home/lactosenjoyer/cam_cpp/build/examples_rclcpp_cbg_executor': CMAKE_PREFIX_PATH=/opt/ros/humble /usr/bin/cmake /home/lactosenjoyer/cam_cpp/src/rclcpp/executors/cbg_executor -DAMENT_CMAKE_SYMLINK_INSTALL=1 -DCMAKE_INSTALL_PREFIX=/home/lactosenjoyer/cam_cpp/install/examples_rclcpp_cbg_executor
[0.222s] -- The C compiler identification is GNU 11.4.0
[0.383s] -- The CXX compiler identification is GNU 11.4.0
[0.401s] -- Detecting C compiler ABI info
[0.573s] -- Detecting C compiler ABI info - done
[0.595s] -- Check for working C compiler: /usr/bin/cc - skipped
[0.596s] -- Detecting C compile features
[0.597s] -- Detecting C compile features - done
[0.607s] -- Detecting CXX compiler ABI info
[0.809s] -- Detecting CXX compiler ABI info - done
[0.835s] -- Check for working CXX compiler: /usr/bin/c++ - skipped
[0.836s] -- Detecting CXX compile features
[0.837s] -- Detecting CXX compile features - done
[0.855s] -- Found ament_cmake: 1.3.13 (/opt/ros/humble/share/ament_cmake/cmake)
[1.274s] -- Found Python3: /usr/bin/python3 (found version "3.10.12") found components: Interpreter 
[1.463s] -- Override CMake install command with custom implementation using symlinks instead of copying resources
[1.525s] -- Found rclcpp: 16.0.18 (/opt/ros/humble/share/rclcpp/cmake)
[1.646s] -- Found rosidl_generator_c: 3.1.8 (/opt/ros/humble/share/rosidl_generator_c/cmake)
[1.659s] -- Found rosidl_adapter: 3.1.8 (/opt/ros/humble/share/rosidl_adapter/cmake)
[1.680s] -- Found rosidl_generator_cpp: 3.1.8 (/opt/ros/humble/share/rosidl_generator_cpp/cmake)
[1.712s] -- Using all available rosidl_typesupport_c: rosidl_typesupport_fastrtps_c;rosidl_typesupport_introspection_c
[1.765s] -- Using all available rosidl_typesupport_cpp: rosidl_typesupport_fastrtps_cpp;rosidl_typesupport_introspection_cpp
[1.887s] -- Found rmw_implementation_cmake: 6.1.2 (/opt/ros/humble/share/rmw_implementation_cmake/cmake)
[1.893s] -- Found rmw_fastrtps_cpp: 6.2.10 (/opt/ros/humble/share/rmw_fastrtps_cpp/cmake)
[2.113s] -- Found OpenSSL: /usr/lib/x86_64-linux-gnu/libcrypto.so (found version "3.0.2")  
[2.191s] -- Found FastRTPS: /opt/ros/humble/include  
[2.314s] -- Using RMW implementation 'rmw_fastrtps_cpp' as default
[2.344s] -- Looking for pthread.h
[2.548s] -- Looking for pthread.h - found
[2.556s] -- Performing Test CMAKE_HAVE_LIBC_PTHREAD
[2.760s] -- Performing Test CMAKE_HAVE_LIBC_PTHREAD - Success
[2.764s] -- Found Threads: TRUE  
[2.944s] -- Found ament_lint_auto: 0.12.15 (/opt/ros/humble/share/ament_lint_auto/cmake)
[3.173s] -- Added test 'copyright' to check source files copyright and LICENSE
[3.177s] -- Added test 'cppcheck' to perform static code analysis on C / C++ code
[3.178s] -- Configured cppcheck include dirs: /home/lactosenjoyer/cam_cpp/src/rclcpp/executors/cbg_executor/include
[3.179s] -- Configured cppcheck exclude dirs and/or files: 
[3.182s] -- Added test 'cpplint' to check C / C++ code against the Google style
[3.182s] -- Configured cpplint exclude dirs and/or files: 
[3.186s] -- Added test 'lint_cmake' to check CMake code style
[3.190s] -- Added test 'uncrustify' to check C / C++ code style
[3.190s] -- Configured uncrustify additional arguments: 
[3.192s] -- Added test 'xmllint' to check XML markup files
[3.196s] -- Configuring done
[3.234s] -- Generating done
[3.259s] -- Build files have been written to: /home/lactosenjoyer/cam_cpp/build/examples_rclcpp_cbg_executor
[3.284s] Invoked command in '/home/lactosenjoyer/cam_cpp/build/examples_rclcpp_cbg_executor' returned '0': CMAKE_PREFIX_PATH=/opt/ros/humble /usr/bin/cmake /home/lactosenjoyer/cam_cpp/src/rclcpp/executors/cbg_executor -DAMENT_CMAKE_SYMLINK_INSTALL=1 -DCMAKE_INSTALL_PREFIX=/home/lactosenjoyer/cam_cpp/install/examples_rclcpp_cbg_executor
[3.285s] Invoking command in '/home/lactosenjoyer/cam_cpp/build/examples_rclcpp_cbg_executor': CMAKE_PREFIX_PATH=/opt/ros/humble /usr/bin/cmake --build /home/lactosenjoyer/cam_cpp/build/examples_rclcpp_cbg_executor -- -j4 -l4
[3.422s] [ 10%] [32mBuilding CXX object CMakeFiles/ping.dir/src/ping.cpp.o[0m
[3.435s] [ 20%] [32mBuilding CXX object CMakeFiles/ping.dir/src/examples_rclcpp_cbg_executor/ping_node.cpp.o[0m
[3.463s] [ 30%] [32mBuilding CXX object CMakeFiles/pong.dir/src/pong.cpp.o[0m
[3.470s] [ 40%] [32mBuilding CXX object CMakeFiles/ping_pong.dir/src/ping_pong.cpp.o[0m
[24.468s] [ 50%] [32mBuilding CXX object CMakeFiles/pong.dir/src/examples_rclcpp_cbg_executor/pong_node.cpp.o[0m
[30.242s] [ 60%] [32mBuilding CXX object CMakeFiles/ping_pong.dir/src/examples_rclcpp_cbg_executor/ping_node.cpp.o[0m
[58.475s] [ 70%] [32m[1mLinking CXX executable ping[0m
[60.753s] [ 70%] Built target ping
[64.184s] [ 80%] [32m[1mLinking CXX executable pong[0m
[65.770s] [ 80%] Built target pong
[69.881s] [ 90%] [32mBuilding CXX object CMakeFiles/ping_pong.dir/src/examples_rclcpp_cbg_executor/pong_node.cpp.o[0m
[91.031s] [100%] [32m[1mLinking CXX executable ping_pong[0m
[92.144s] [100%] Built target ping_pong
