[0.034s] Invoking command in '/home/lactosenjoyer/cam_cpp/build/cam_cpp': CMAKE_PREFIX_PATH=/opt/ros/humble /usr/bin/cmake --build /home/lactosenjoyer/cam_cpp/build/cam_cpp -- -j4 -l4
[0.128s] [35m[1mConsolidate compiler generated dependencies of target imgPub[0m
[0.140s] [35m[1mConsolidate compiler generated dependencies of target imgSub[0m
[0.219s] [ 75%] Built target imgSub
[0.225s] [100%] Built target imgPub
[0.270s] Invoked command in '/home/lactosenjoyer/cam_cpp/build/cam_cpp' returned '0': CMAKE_PREFIX_PATH=/opt/ros/humble /usr/bin/cmake --build /home/lactosenjoyer/cam_cpp/build/cam_cpp -- -j4 -l4
[0.292s] Invoking command in '/home/lactosenjoyer/cam_cpp/build/cam_cpp': CMAKE_PREFIX_PATH=/opt/ros/humble /usr/bin/cmake --install /home/lactosenjoyer/cam_cpp/build/cam_cpp
[0.307s] -- Install configuration: ""
[0.309s] -- Execute custom install script
[0.311s] -- Up-to-date symlink: /home/lactosenjoyer/cam_cpp/install/cam_cpp/lib/cam_cpp/imgPub
[0.311s] -- Up-to-date symlink: /home/lactosenjoyer/cam_cpp/install/cam_cpp/lib/cam_cpp/imgSub
[0.312s] -- Up-to-date symlink: /home/lactosenjoyer/cam_cpp/install/cam_cpp/share/cam_cpp/launch/cam_launch.py
[0.318s] -- Up-to-date symlink: /home/lactosenjoyer/cam_cpp/install/cam_cpp/share/ament_index/resource_index/package_run_dependencies/cam_cpp
[0.318s] -- Up-to-date symlink: /home/lactosenjoyer/cam_cpp/install/cam_cpp/share/ament_index/resource_index/parent_prefix_path/cam_cpp
[0.318s] -- Up-to-date symlink: /home/lactosenjoyer/cam_cpp/install/cam_cpp/share/cam_cpp/environment/ament_prefix_path.sh
[0.319s] -- Up-to-date symlink: /home/lactosenjoyer/cam_cpp/install/cam_cpp/share/cam_cpp/environment/ament_prefix_path.dsv
[0.319s] -- Up-to-date symlink: /home/lactosenjoyer/cam_cpp/install/cam_cpp/share/cam_cpp/environment/path.sh
[0.319s] -- Up-to-date symlink: /home/lactosenjoyer/cam_cpp/install/cam_cpp/share/cam_cpp/environment/path.dsv
[0.319s] -- Up-to-date symlink: /home/lactosenjoyer/cam_cpp/install/cam_cpp/share/cam_cpp/local_setup.bash
[0.319s] -- Up-to-date symlink: /home/lactosenjoyer/cam_cpp/install/cam_cpp/share/cam_cpp/local_setup.sh
[0.320s] -- Up-to-date symlink: /home/lactosenjoyer/cam_cpp/install/cam_cpp/share/cam_cpp/local_setup.zsh
[0.320s] -- Up-to-date symlink: /home/lactosenjoyer/cam_cpp/install/cam_cpp/share/cam_cpp/local_setup.dsv
[0.324s] -- Symlinking: /home/lactosenjoyer/cam_cpp/install/cam_cpp/share/cam_cpp/package.dsv
[0.337s] -- Up-to-date symlink: /home/lactosenjoyer/cam_cpp/install/cam_cpp/share/ament_index/resource_index/packages/cam_cpp
[0.337s] -- Up-to-date symlink: /home/lactosenjoyer/cam_cpp/install/cam_cpp/share/cam_cpp/cmake/cam_cppConfig.cmake
[0.337s] -- Up-to-date symlink: /home/lactosenjoyer/cam_cpp/install/cam_cpp/share/cam_cpp/cmake/cam_cppConfig-version.cmake
[0.338s] -- Up-to-date symlink: /home/lactosenjoyer/cam_cpp/install/cam_cpp/share/cam_cpp/package.xml
[0.344s] Invoked command in '/home/lactosenjoyer/cam_cpp/build/cam_cpp' returned '0': CMAKE_PREFIX_PATH=/opt/ros/humble /usr/bin/cmake --install /home/lactosenjoyer/cam_cpp/build/cam_cpp
