[0.099s] Invoking command in '/home/lactosenjoyer/cam_cpp/build/examples_rclcpp_minimal_action_server': CMAKE_PREFIX_PATH=/opt/ros/humble /usr/bin/cmake --build /home/lactosenjoyer/cam_cpp/build/examples_rclcpp_minimal_action_server -- -j4 -l4
[0.355s] [ 50%] Built target action_server_not_composable
[0.374s] [100%] Built target action_server_member_functions
[0.458s] Invoked command in '/home/lactosenjoyer/cam_cpp/build/examples_rclcpp_minimal_action_server' returned '0': CMAKE_PREFIX_PATH=/opt/ros/humble /usr/bin/cmake --build /home/lactosenjoyer/cam_cpp/build/examples_rclcpp_minimal_action_server -- -j4 -l4
[0.465s] Invoking command in '/home/lactosenjoyer/cam_cpp/build/examples_rclcpp_minimal_action_server': CMAKE_PREFIX_PATH=/opt/ros/humble /usr/bin/cmake --install /home/lactosenjoyer/cam_cpp/build/examples_rclcpp_minimal_action_server
[0.511s] -- Install configuration: ""
[0.518s] -- Execute custom install script
[0.519s] -- Up-to-date symlink: /home/lactosenjoyer/cam_cpp/install/examples_rclcpp_minimal_action_server/lib/examples_rclcpp_minimal_action_server/action_server_not_composable
[0.522s] -- Up-to-date symlink: /home/lactosenjoyer/cam_cpp/install/examples_rclcpp_minimal_action_server/lib/examples_rclcpp_minimal_action_server/action_server_member_functions
[0.523s] -- Up-to-date symlink: /home/lactosenjoyer/cam_cpp/install/examples_rclcpp_minimal_action_server/share/ament_index/resource_index/package_run_dependencies/examples_rclcpp_minimal_action_server
[0.524s] -- Up-to-date symlink: /home/lactosenjoyer/cam_cpp/install/examples_rclcpp_minimal_action_server/share/ament_index/resource_index/parent_prefix_path/examples_rclcpp_minimal_action_server
[0.525s] -- Up-to-date symlink: /home/lactosenjoyer/cam_cpp/install/examples_rclcpp_minimal_action_server/share/examples_rclcpp_minimal_action_server/environment/ament_prefix_path.sh
[0.525s] -- Up-to-date symlink: /home/lactosenjoyer/cam_cpp/install/examples_rclcpp_minimal_action_server/share/examples_rclcpp_minimal_action_server/environment/ament_prefix_path.dsv
[0.526s] -- Up-to-date symlink: /home/lactosenjoyer/cam_cpp/install/examples_rclcpp_minimal_action_server/share/examples_rclcpp_minimal_action_server/environment/path.sh
[0.526s] -- Up-to-date symlink: /home/lactosenjoyer/cam_cpp/install/examples_rclcpp_minimal_action_server/share/examples_rclcpp_minimal_action_server/environment/path.dsv
[0.526s] -- Up-to-date symlink: /home/lactosenjoyer/cam_cpp/install/examples_rclcpp_minimal_action_server/share/examples_rclcpp_minimal_action_server/local_setup.bash
[0.526s] -- Up-to-date symlink: /home/lactosenjoyer/cam_cpp/install/examples_rclcpp_minimal_action_server/share/examples_rclcpp_minimal_action_server/local_setup.sh
[0.533s] -- Up-to-date symlink: /home/lactosenjoyer/cam_cpp/install/examples_rclcpp_minimal_action_server/share/examples_rclcpp_minimal_action_server/local_setup.zsh
[0.533s] -- Up-to-date symlink: /home/lactosenjoyer/cam_cpp/install/examples_rclcpp_minimal_action_server/share/examples_rclcpp_minimal_action_server/local_setup.dsv
[0.533s] -- Symlinking: /home/lactosenjoyer/cam_cpp/install/examples_rclcpp_minimal_action_server/share/examples_rclcpp_minimal_action_server/package.dsv
[0.572s] -- Up-to-date symlink: /home/lactosenjoyer/cam_cpp/install/examples_rclcpp_minimal_action_server/share/ament_index/resource_index/packages/examples_rclcpp_minimal_action_server
[0.573s] -- Up-to-date symlink: /home/lactosenjoyer/cam_cpp/install/examples_rclcpp_minimal_action_server/share/examples_rclcpp_minimal_action_server/cmake/examples_rclcpp_minimal_action_serverConfig.cmake
[0.573s] -- Up-to-date symlink: /home/lactosenjoyer/cam_cpp/install/examples_rclcpp_minimal_action_server/share/examples_rclcpp_minimal_action_server/cmake/examples_rclcpp_minimal_action_serverConfig-version.cmake
[0.573s] -- Up-to-date symlink: /home/lactosenjoyer/cam_cpp/install/examples_rclcpp_minimal_action_server/share/examples_rclcpp_minimal_action_server/package.xml
[0.586s] Invoked command in '/home/lactosenjoyer/cam_cpp/build/examples_rclcpp_minimal_action_server' returned '0': CMAKE_PREFIX_PATH=/opt/ros/humble /usr/bin/cmake --install /home/lactosenjoyer/cam_cpp/build/examples_rclcpp_minimal_action_server
