[0.038s] Invoking command in '/home/lactosenjoyer/cam_cpp/build/examples_rclcpp_async_client': CMAKE_PREFIX_PATH=/opt/ros/humble /usr/bin/cmake --build /home/lactosenjoyer/cam_cpp/build/examples_rclcpp_async_client -- -j4 -l4
[0.164s] [35m[1mConsolidate compiler generated dependencies of target client_main[0m
[0.245s] [100%] Built target client_main
[0.284s] Invoked command in '/home/lactosenjoyer/cam_cpp/build/examples_rclcpp_async_client' returned '0': CMAKE_PREFIX_PATH=/opt/ros/humble /usr/bin/cmake --build /home/lactosenjoyer/cam_cpp/build/examples_rclcpp_async_client -- -j4 -l4
[0.285s] Invoking command in '/home/lactosenjoyer/cam_cpp/build/examples_rclcpp_async_client': CMAKE_PREFIX_PATH=/opt/ros/humble /usr/bin/cmake --install /home/lactosenjoyer/cam_cpp/build/examples_rclcpp_async_client
[0.306s] -- Install configuration: ""
[0.306s] -- Execute custom install script
[0.307s] -- Up-to-date symlink: /home/lactosenjoyer/cam_cpp/install/examples_rclcpp_async_client/lib/examples_rclcpp_async_client/client_main
[0.310s] -- Up-to-date symlink: /home/lactosenjoyer/cam_cpp/install/examples_rclcpp_async_client/share/ament_index/resource_index/package_run_dependencies/examples_rclcpp_async_client
[0.311s] -- Up-to-date symlink: /home/lactosenjoyer/cam_cpp/install/examples_rclcpp_async_client/share/ament_index/resource_index/parent_prefix_path/examples_rclcpp_async_client
[0.311s] -- Up-to-date symlink: /home/lactosenjoyer/cam_cpp/install/examples_rclcpp_async_client/share/examples_rclcpp_async_client/environment/ament_prefix_path.sh
[0.311s] -- Up-to-date symlink: /home/lactosenjoyer/cam_cpp/install/examples_rclcpp_async_client/share/examples_rclcpp_async_client/environment/ament_prefix_path.dsv
[0.311s] -- Up-to-date symlink: /home/lactosenjoyer/cam_cpp/install/examples_rclcpp_async_client/share/examples_rclcpp_async_client/environment/path.sh
[0.311s] -- Up-to-date symlink: /home/lactosenjoyer/cam_cpp/install/examples_rclcpp_async_client/share/examples_rclcpp_async_client/environment/path.dsv
[0.311s] -- Up-to-date symlink: /home/lactosenjoyer/cam_cpp/install/examples_rclcpp_async_client/share/examples_rclcpp_async_client/local_setup.bash
[0.311s] -- Up-to-date symlink: /home/lactosenjoyer/cam_cpp/install/examples_rclcpp_async_client/share/examples_rclcpp_async_client/local_setup.sh
[0.312s] -- Up-to-date symlink: /home/lactosenjoyer/cam_cpp/install/examples_rclcpp_async_client/share/examples_rclcpp_async_client/local_setup.zsh
[0.312s] -- Up-to-date symlink: /home/lactosenjoyer/cam_cpp/install/examples_rclcpp_async_client/share/examples_rclcpp_async_client/local_setup.dsv
[0.312s] -- Symlinking: /home/lactosenjoyer/cam_cpp/install/examples_rclcpp_async_client/share/examples_rclcpp_async_client/package.dsv
[0.326s] -- Up-to-date symlink: /home/lactosenjoyer/cam_cpp/install/examples_rclcpp_async_client/share/ament_index/resource_index/packages/examples_rclcpp_async_client
[0.327s] -- Up-to-date symlink: /home/lactosenjoyer/cam_cpp/install/examples_rclcpp_async_client/share/examples_rclcpp_async_client/cmake/examples_rclcpp_async_clientConfig.cmake
[0.328s] -- Up-to-date symlink: /home/lactosenjoyer/cam_cpp/install/examples_rclcpp_async_client/share/examples_rclcpp_async_client/cmake/examples_rclcpp_async_clientConfig-version.cmake
[0.329s] -- Up-to-date symlink: /home/lactosenjoyer/cam_cpp/install/examples_rclcpp_async_client/share/examples_rclcpp_async_client/package.xml
[0.398s] Invoked command in '/home/lactosenjoyer/cam_cpp/build/examples_rclcpp_async_client' returned '0': CMAKE_PREFIX_PATH=/opt/ros/humble /usr/bin/cmake --install /home/lactosenjoyer/cam_cpp/build/examples_rclcpp_async_client
