[0.044s] Invoking command in '/home/lactosenjoyer/cam_cpp/build/examples_rclcpp_minimal_action_client': CMAKE_PREFIX_PATH=/opt/ros/humble /usr/bin/cmake /home/lactosenjoyer/cam_cpp/src/rclcpp/actions/minimal_action_client -DAMENT_CMAKE_SYMLINK_INSTALL=1 -DCMAKE_INSTALL_PREFIX=/home/lactosenjoyer/cam_cpp/install/examples_rclcpp_minimal_action_client
[0.336s] -- The C compiler identification is GNU 11.4.0
[0.658s] -- The CXX compiler identification is GNU 11.4.0
[0.720s] -- Detecting C compiler ABI info
[1.117s] -- Detecting C compiler ABI info - done
[1.158s] -- Check for working C compiler: /usr/bin/cc - skipped
[1.159s] -- Detecting C compile features
[1.165s] -- Detecting C compile features - done
[1.180s] -- Detecting CXX compiler ABI info
[1.601s] -- Detecting CXX compiler ABI info - done
[1.659s] -- Check for working CXX compiler: /usr/bin/c++ - skipped
[1.660s] -- Detecting CXX compile features
[1.666s] -- Detecting CXX compile features - done
[1.678s] -- Found ament_cmake: 1.3.13 (/opt/ros/humble/share/ament_cmake/cmake)
[2.417s] -- Found Python3: /usr/bin/python3 (found version "3.10.12") found components: Interpreter 
[2.889s] -- Override CMake install command with custom implementation using symlinks instead of copying resources
[3.022s] -- Found example_interfaces: 0.9.3 (/opt/ros/humble/share/example_interfaces/cmake)
[3.240s] -- Found rosidl_generator_c: 3.1.8 (/opt/ros/humble/share/rosidl_generator_c/cmake)
[3.279s] -- Found rosidl_adapter: 3.1.8 (/opt/ros/humble/share/rosidl_adapter/cmake)
[3.334s] -- Found rosidl_generator_cpp: 3.1.8 (/opt/ros/humble/share/rosidl_generator_cpp/cmake)
[3.399s] -- Using all available rosidl_typesupport_c: rosidl_typesupport_fastrtps_c;rosidl_typesupport_introspection_c
[3.509s] -- Using all available rosidl_typesupport_cpp: rosidl_typesupport_fastrtps_cpp;rosidl_typesupport_introspection_cpp
[3.859s] -- Found rclcpp: 16.0.18 (/opt/ros/humble/share/rclcpp/cmake)
[4.085s] -- Found rmw_implementation_cmake: 6.1.2 (/opt/ros/humble/share/rmw_implementation_cmake/cmake)
[4.101s] -- Found rmw_fastrtps_cpp: 6.2.10 (/opt/ros/humble/share/rmw_fastrtps_cpp/cmake)
[4.435s] -- Found OpenSSL: /usr/lib/x86_64-linux-gnu/libcrypto.so (found version "3.0.2")  
[4.501s] -- Found FastRTPS: /opt/ros/humble/include  
[4.614s] -- Using RMW implementation 'rmw_fastrtps_cpp' as default
[4.678s] -- Looking for pthread.h
[5.074s] -- Looking for pthread.h - found
[5.075s] -- Performing Test CMAKE_HAVE_LIBC_PTHREAD
[5.475s] -- Performing Test CMAKE_HAVE_LIBC_PTHREAD - Success
[5.480s] -- Found Threads: TRUE  
[5.829s] -- Found rclcpp_action: 16.0.18 (/opt/ros/humble/share/rclcpp_action/cmake)
[5.919s] -- Found ament_lint_auto: 0.12.15 (/opt/ros/humble/share/ament_lint_auto/cmake)
[6.437s] -- Added test 'copyright' to check source files copyright and LICENSE
[6.445s] -- Added test 'cppcheck' to perform static code analysis on C / C++ code
[6.445s] -- Configured cppcheck include dirs: 
[6.445s] -- Configured cppcheck exclude dirs and/or files: 
[6.451s] -- Added test 'cpplint' to check C / C++ code against the Google style
[6.452s] -- Configured cpplint exclude dirs and/or files: 
[6.458s] -- Added test 'lint_cmake' to check CMake code style
[6.475s] -- Added test 'uncrustify' to check C / C++ code style
[6.475s] -- Configured uncrustify additional arguments: 
[6.476s] -- Added test 'xmllint' to check XML markup files
[6.488s] -- Configuring done
[6.599s] -- Generating done
[6.648s] -- Build files have been written to: /home/lactosenjoyer/cam_cpp/build/examples_rclcpp_minimal_action_client
[6.706s] Invoked command in '/home/lactosenjoyer/cam_cpp/build/examples_rclcpp_minimal_action_client' returned '0': CMAKE_PREFIX_PATH=/opt/ros/humble /usr/bin/cmake /home/lactosenjoyer/cam_cpp/src/rclcpp/actions/minimal_action_client -DAMENT_CMAKE_SYMLINK_INSTALL=1 -DCMAKE_INSTALL_PREFIX=/home/lactosenjoyer/cam_cpp/install/examples_rclcpp_minimal_action_client
[6.707s] Invoking command in '/home/lactosenjoyer/cam_cpp/build/examples_rclcpp_minimal_action_client': CMAKE_PREFIX_PATH=/opt/ros/humble /usr/bin/cmake --build /home/lactosenjoyer/cam_cpp/build/examples_rclcpp_minimal_action_client -- -j4 -l4
[6.996s] [ 12%] [32mBuilding CXX object CMakeFiles/action_client_member_functions.dir/member_functions.cpp.o[0m
[30.417s] [ 25%] [32m[1mLinking CXX executable action_client_member_functions[0m
[31.346s] [ 25%] Built target action_client_member_functions
[31.397s] [ 37%] [32mBuilding CXX object CMakeFiles/action_client_not_composable_with_feedback.dir/not_composable_with_feedback.cpp.o[0m
[43.900s] [ 50%] [32m[1mLinking CXX executable action_client_not_composable_with_feedback[0m
[44.493s] [ 50%] Built target action_client_not_composable_with_feedback
[44.531s] [ 62%] [32mBuilding CXX object CMakeFiles/action_client_not_composable_with_cancel.dir/not_composable_with_cancel.cpp.o[0m
[55.999s] [ 75%] [32m[1mLinking CXX executable action_client_not_composable_with_cancel[0m
[56.358s] [ 75%] Built target action_client_not_composable_with_cancel
[56.388s] [ 87%] [32mBuilding CXX object CMakeFiles/action_client_not_composable.dir/not_composable.cpp.o[0m
[62.463s] [100%] [32m[1mLinking CXX executable action_client_not_composable[0m
[62.719s] [100%] Built target action_client_not_composable
