[0.075s] Invoking command in '/home/lactosenjoyer/cam_cpp/build/examples_rclcpp_minimal_composition': CMAKE_PREFIX_PATH=/opt/ros/humble /usr/bin/cmake /home/lactosenjoyer/cam_cpp/src/rclcpp/composition/minimal_composition -DAMENT_CMAKE_SYMLINK_INSTALL=1 -DCMAKE_INSTALL_PREFIX=/home/lactosenjoyer/cam_cpp/install/examples_rclcpp_minimal_composition
[0.243s] -- The C compiler identification is GNU 11.4.0
[0.407s] -- The CXX compiler identification is GNU 11.4.0
[0.433s] -- Detecting C compiler ABI info
[0.610s] -- Detecting C compiler ABI info - done
[0.634s] -- Check for working C compiler: /usr/bin/cc - skipped
[0.635s] -- Detecting C compile features
[0.638s] -- Detecting C compile features - done
[0.644s] -- Detecting CXX compiler ABI info
[0.984s] -- Detecting CXX compiler ABI info - done
[1.006s] -- Check for working CXX compiler: /usr/bin/c++ - skipped
[1.007s] -- Detecting CXX compile features
[1.009s] -- Detecting CXX compile features - done
[1.014s] -- Found ament_cmake: 1.3.13 (/opt/ros/humble/share/ament_cmake/cmake)
[1.495s] -- Found Python3: /usr/bin/python3 (found version "3.10.12") found components: Interpreter 
[1.708s] -- Override CMake install command with custom implementation using symlinks instead of copying resources
[1.764s] -- Found rclcpp: 16.0.18 (/opt/ros/humble/share/rclcpp/cmake)
[1.884s] -- Found rosidl_generator_c: 3.1.8 (/opt/ros/humble/share/rosidl_generator_c/cmake)
[1.897s] -- Found rosidl_adapter: 3.1.8 (/opt/ros/humble/share/rosidl_adapter/cmake)
[1.918s] -- Found rosidl_generator_cpp: 3.1.8 (/opt/ros/humble/share/rosidl_generator_cpp/cmake)
[1.953s] -- Using all available rosidl_typesupport_c: rosidl_typesupport_fastrtps_c;rosidl_typesupport_introspection_c
[2.005s] -- Using all available rosidl_typesupport_cpp: rosidl_typesupport_fastrtps_cpp;rosidl_typesupport_introspection_cpp
[2.151s] -- Found rmw_implementation_cmake: 6.1.2 (/opt/ros/humble/share/rmw_implementation_cmake/cmake)
[2.159s] -- Found rmw_fastrtps_cpp: 6.2.10 (/opt/ros/humble/share/rmw_fastrtps_cpp/cmake)
[2.405s] -- Found OpenSSL: /usr/lib/x86_64-linux-gnu/libcrypto.so (found version "3.0.2")  
[2.488s] -- Found FastRTPS: /opt/ros/humble/include  
[2.608s] -- Using RMW implementation 'rmw_fastrtps_cpp' as default
[2.633s] -- Looking for pthread.h
[2.827s] -- Looking for pthread.h - found
[2.828s] -- Performing Test CMAKE_HAVE_LIBC_PTHREAD
[3.016s] -- Performing Test CMAKE_HAVE_LIBC_PTHREAD - Success
[3.016s] -- Found Threads: TRUE  
[3.186s] -- Found rclcpp_components: 16.0.18 (/opt/ros/humble/share/rclcpp_components/cmake)
[3.266s] -- Found ament_lint_auto: 0.12.15 (/opt/ros/humble/share/ament_lint_auto/cmake)
[3.390s] -- Added test 'copyright' to check source files copyright and LICENSE
[3.392s] -- Added test 'cppcheck' to perform static code analysis on C / C++ code
[3.393s] -- Configured cppcheck include dirs: /home/lactosenjoyer/cam_cpp/src/rclcpp/composition/minimal_composition/include
[3.393s] -- Configured cppcheck exclude dirs and/or files: 
[3.395s] -- Added test 'cpplint' to check C / C++ code against the Google style
[3.395s] -- Configured cpplint exclude dirs and/or files: 
[3.396s] -- Added test 'lint_cmake' to check CMake code style
[3.398s] -- Added test 'uncrustify' to check C / C++ code style
[3.398s] -- Configured uncrustify additional arguments: 
[3.399s] -- Added test 'xmllint' to check XML markup files
[3.401s] -- Configuring done
[3.430s] -- Generating done
[3.442s] -- Build files have been written to: /home/lactosenjoyer/cam_cpp/build/examples_rclcpp_minimal_composition
