[35m[1mConsolidate compiler generated dependencies of target action_server_not_composable[0m
[35m[1mConsolidate compiler generated dependencies of target action_server_member_functions[0m
[ 50%] Built target action_server_not_composable
[100%] Built target action_server_member_functions
-- Install configuration: ""
-- Execute custom install script
-- Symlinking: /home/lactosenjoyer/cam_cpp/install/examples_rclcpp_minimal_action_server/lib/examples_rclcpp_minimal_action_server/action_server_not_composable
-- Symlinking: /home/lactosenjoyer/cam_cpp/install/examples_rclcpp_minimal_action_server/lib/examples_rclcpp_minimal_action_server/action_server_member_functions
-- Symlinking: /home/lactosenjoyer/cam_cpp/install/examples_rclcpp_minimal_action_server/share/ament_index/resource_index/package_run_dependencies/examples_rclcpp_minimal_action_server
-- Symlinking: /home/lactosenjoyer/cam_cpp/install/examples_rclcpp_minimal_action_server/share/ament_index/resource_index/parent_prefix_path/examples_rclcpp_minimal_action_server
-- Symlinking: /home/lactosenjoyer/cam_cpp/install/examples_rclcpp_minimal_action_server/share/examples_rclcpp_minimal_action_server/environment/ament_prefix_path.sh
-- Symlinking: /home/lactosenjoyer/cam_cpp/install/examples_rclcpp_minimal_action_server/share/examples_rclcpp_minimal_action_server/environment/ament_prefix_path.dsv
-- Symlinking: /home/lactosenjoyer/cam_cpp/install/examples_rclcpp_minimal_action_server/share/examples_rclcpp_minimal_action_server/environment/path.sh
-- Symlinking: /home/lactosenjoyer/cam_cpp/install/examples_rclcpp_minimal_action_server/share/examples_rclcpp_minimal_action_server/environment/path.dsv
-- Symlinking: /home/lactosenjoyer/cam_cpp/install/examples_rclcpp_minimal_action_server/share/examples_rclcpp_minimal_action_server/local_setup.bash
-- Symlinking: /home/lactosenjoyer/cam_cpp/install/examples_rclcpp_minimal_action_server/share/examples_rclcpp_minimal_action_server/local_setup.sh
-- Symlinking: /home/lactosenjoyer/cam_cpp/install/examples_rclcpp_minimal_action_server/share/examples_rclcpp_minimal_action_server/local_setup.zsh
-- Symlinking: /home/lactosenjoyer/cam_cpp/install/examples_rclcpp_minimal_action_server/share/examples_rclcpp_minimal_action_server/local_setup.dsv
-- Symlinking: /home/lactosenjoyer/cam_cpp/install/examples_rclcpp_minimal_action_server/share/examples_rclcpp_minimal_action_server/package.dsv
-- Symlinking: /home/lactosenjoyer/cam_cpp/install/examples_rclcpp_minimal_action_server/share/ament_index/resource_index/packages/examples_rclcpp_minimal_action_server
-- Symlinking: /home/lactosenjoyer/cam_cpp/install/examples_rclcpp_minimal_action_server/share/examples_rclcpp_minimal_action_server/cmake/examples_rclcpp_minimal_action_serverConfig.cmake
-- Symlinking: /home/lactosenjoyer/cam_cpp/install/examples_rclcpp_minimal_action_server/share/examples_rclcpp_minimal_action_server/cmake/examples_rclcpp_minimal_action_serverConfig-version.cmake
-- Symlinking: /home/lactosenjoyer/cam_cpp/install/examples_rclcpp_minimal_action_server/share/examples_rclcpp_minimal_action_server/package.xml
