[0.036s] Invoking command in '/home/lactosenjoyer/cam_cpp/build/examples_rclcpp_minimal_action_server': CMAKE_PREFIX_PATH=/opt/ros/humble /usr/bin/cmake --build /home/lactosenjoyer/cam_cpp/build/examples_rclcpp_minimal_action_server -- -j4 -l4
[0.165s] [35m[1mConsolidate compiler generated dependencies of target action_server_not_composable[0m
[0.174s] [35m[1mConsolidate compiler generated dependencies of target action_server_member_functions[0m
[0.262s] [ 50%] Built target action_server_not_composable
[0.270s] [100%] Built target action_server_member_functions
[0.309s] Invoked command in '/home/lactosenjoyer/cam_cpp/build/examples_rclcpp_minimal_action_server' returned '0': CMAKE_PREFIX_PATH=/opt/ros/humble /usr/bin/cmake --build /home/lactosenjoyer/cam_cpp/build/examples_rclcpp_minimal_action_server -- -j4 -l4
[0.316s] Invoking command in '/home/lactosenjoyer/cam_cpp/build/examples_rclcpp_minimal_action_server': CMAKE_PREFIX_PATH=/opt/ros/humble /usr/bin/cmake --install /home/lactosenjoyer/cam_cpp/build/examples_rclcpp_minimal_action_server
[0.324s] -- Install configuration: ""
[0.325s] -- Execute custom install script
[0.326s] -- Symlinking: /home/lactosenjoyer/cam_cpp/install/examples_rclcpp_minimal_action_server/lib/examples_rclcpp_minimal_action_server/action_server_not_composable
[0.345s] -- Symlinking: /home/lactosenjoyer/cam_cpp/install/examples_rclcpp_minimal_action_server/lib/examples_rclcpp_minimal_action_server/action_server_member_functions
[0.363s] -- Symlinking: /home/lactosenjoyer/cam_cpp/install/examples_rclcpp_minimal_action_server/share/ament_index/resource_index/package_run_dependencies/examples_rclcpp_minimal_action_server
[0.392s] -- Symlinking: /home/lactosenjoyer/cam_cpp/install/examples_rclcpp_minimal_action_server/share/ament_index/resource_index/parent_prefix_path/examples_rclcpp_minimal_action_server
[0.411s] -- Symlinking: /home/lactosenjoyer/cam_cpp/install/examples_rclcpp_minimal_action_server/share/examples_rclcpp_minimal_action_server/environment/ament_prefix_path.sh
[0.430s] -- Symlinking: /home/lactosenjoyer/cam_cpp/install/examples_rclcpp_minimal_action_server/share/examples_rclcpp_minimal_action_server/environment/ament_prefix_path.dsv
[0.449s] -- Symlinking: /home/lactosenjoyer/cam_cpp/install/examples_rclcpp_minimal_action_server/share/examples_rclcpp_minimal_action_server/environment/path.sh
[0.466s] -- Symlinking: /home/lactosenjoyer/cam_cpp/install/examples_rclcpp_minimal_action_server/share/examples_rclcpp_minimal_action_server/environment/path.dsv
[0.499s] -- Symlinking: /home/lactosenjoyer/cam_cpp/install/examples_rclcpp_minimal_action_server/share/examples_rclcpp_minimal_action_server/local_setup.bash
[0.515s] -- Symlinking: /home/lactosenjoyer/cam_cpp/install/examples_rclcpp_minimal_action_server/share/examples_rclcpp_minimal_action_server/local_setup.sh
[0.532s] -- Symlinking: /home/lactosenjoyer/cam_cpp/install/examples_rclcpp_minimal_action_server/share/examples_rclcpp_minimal_action_server/local_setup.zsh
[0.550s] -- Symlinking: /home/lactosenjoyer/cam_cpp/install/examples_rclcpp_minimal_action_server/share/examples_rclcpp_minimal_action_server/local_setup.dsv
[0.569s] -- Symlinking: /home/lactosenjoyer/cam_cpp/install/examples_rclcpp_minimal_action_server/share/examples_rclcpp_minimal_action_server/package.dsv
[0.597s] -- Symlinking: /home/lactosenjoyer/cam_cpp/install/examples_rclcpp_minimal_action_server/share/ament_index/resource_index/packages/examples_rclcpp_minimal_action_server
[0.621s] -- Symlinking: /home/lactosenjoyer/cam_cpp/install/examples_rclcpp_minimal_action_server/share/examples_rclcpp_minimal_action_server/cmake/examples_rclcpp_minimal_action_serverConfig.cmake
[0.640s] -- Symlinking: /home/lactosenjoyer/cam_cpp/install/examples_rclcpp_minimal_action_server/share/examples_rclcpp_minimal_action_server/cmake/examples_rclcpp_minimal_action_serverConfig-version.cmake
[0.659s] -- Symlinking: /home/lactosenjoyer/cam_cpp/install/examples_rclcpp_minimal_action_server/share/examples_rclcpp_minimal_action_server/package.xml
[0.690s] Invoked command in '/home/lactosenjoyer/cam_cpp/build/examples_rclcpp_minimal_action_server' returned '0': CMAKE_PREFIX_PATH=/opt/ros/humble /usr/bin/cmake --install /home/lactosenjoyer/cam_cpp/build/examples_rclcpp_minimal_action_server
